C51 COMPILER V9.01   SYS                                                                   02/16/2015 17:54:57 PAGE 1   


C51 COMPILER V9.01, COMPILATION OF MODULE SYS
OBJECT MODULE PLACED IN .\output\sys.obj
COMPILER INVOKED BY: C:\Keil\C51\BIN\C51.EXE ..\lib\sys\sys.c BROWSE INCDIR(..\lib) DEBUG OBJECTEXTEND PRINT(.\output\sy
                    -s.lst) OBJECT(.\output\sys.obj)

line level    source

   1          // Copyright 2015 @ Sunrom Electronics www.sunrom.com
   2          #include <reg51.h>
   3          #include <intrins.h>
   4          #include "sys.h"
   5          
   6          // uncomment below as per your freq of operation
   7          
   8          /* void delayms(unsigned int x)  // delays x msec (at fosc=11.0592MHz)
   9          {
  10                  unsigned char j=0;
  11                  while(x-- > 0)
  12                  {
  13                          for (j=0; j<125; j++){;}
  14                  }
  15          } */
  16          void delayms(unsigned int x)     // delays x msec (at fosc=22.1184MHz)
  17          {
  18   1              unsigned char j=0;
  19   1              while(x-- > 0)
  20   1              {
  21   2                      for (j=0; j<62; j++){;}
  22   2              }
  23   1      }
  24          /* void delayms(unsigned int count)  // x1ms @ 33Mhz
  25          {
  26                  int i,j;
  27                  for(i=0;i<count;i++)
  28                          for(j=0;j<1000;j++);
  29          } */


MODULE INFORMATION:   STATIC OVERLAYABLE
   CODE SIZE        =     27    ----
   CONSTANT SIZE    =   ----    ----
   XDATA SIZE       =   ----    ----
   PDATA SIZE       =   ----    ----
   DATA SIZE        =   ----    ----
   IDATA SIZE       =   ----    ----
   BIT SIZE         =   ----    ----
END OF MODULE INFORMATION.


C51 COMPILATION COMPLETE.  0 WARNING(S),  0 ERROR(S)
