A51 MACRO ASSEMBLER  LCD                                                                  05/05/2017 18:38:50 PAGE     1


MACRO ASSEMBLER A51 V8.2.5.0
OBJECT MODULE PLACED IN .\Objects\lcd.obj
ASSEMBLER INVOKED BY: C:\Keil_v5\C51\BIN\A51.EXE lcd.a51 SET(SMALL) DEBUG PRINT(.\Listings\lcd.lst) OBJECT(.\Objects\lcd
                      .obj) EP

LOC  OBJ            LINE     SOURCE

                       1     

                       2     

                       3     

                       4     

                       5     

                       6     

                       7     

                       8     

                       9     

                      10     

0100                  11     ORG             0100h

                      12     

                      13     

  00A5                14     RS              EQU     P2.5                     

  00A7                15     E_LCD   EQU     P2.7                     

  00A6                16     RW              EQU     P2.6                     

  0087                17     BUSYF   EQU     P0.7                     

                      18     

                      19     

                      20     

                      21     

                      22     

                      23     

                      24     

                      25     

                      26     

                      27     

0100                  28     INIDISP:                       

0100 7838             29             MOV     R0,#38H          

0102 7A05             30             MOV     R2,#05           

0104 311F             31             CALL    ESCINST          

                      32             

0106 7838             33                     MOV     R0,#38H          

0108 7A01             34             MOV     R2,#01           

010A 311F             35             CALL    ESCINST          

                      36             

010C 7806             37                     MOV     R0,#06H          

010E 7A01             38             MOV     R2,#01           

0110 311F             39             CALL    ESCINST          

                      40             

0112 780C             41                     MOV     R0,#0CH          

0114 7A01             42             MOV     R2,#01           

0116 311F             43             CALL    ESCINST          

                      44             

0118 7801             45                     MOV     R0,#01H          

011A 7A02             46             MOV     R2,#02           

011C 311F             47             CALL    ESCINST          

                      48             

011E 22               49                     RET

                      50                     

                      51     

                      52     

                      53     

                      54     

                      55     

                      56     

                      57     

A51 MACRO ASSEMBLER  LCD                                                                  05/05/2017 18:38:50 PAGE     2

                      58     

                      59     

011F                  60     ESCINST:  

011F C2A6             61                     CLR             RW                               

0121 C2A5             62                     CLR     RS               

0123 D2A7             63                     SETB    E_LCD            

                      64                     

0125 8880             65                     MOV     P0,R0            

                      66                     

0127 C2A7             67                     CLR     E_LCD            

                      68                     

0129 7580FF           69                     MOV             P0,#0xFF                 

                      70                     

012C D2A6             71                     SETB    RW                               

012E D2A7             72                     SETB    E_LCD            

                      73     

0130 2087FD           74     ESCI1:  JB      BUSYF,ESCI1                      

                      75                     

0133 C2A7             76                     CLR     E_LCD            

                      77             

0135 22               78                     RET

                      79                     

                      80     

                      81     

                      82     

                      83     

                      84     

                      85     

                      86     

                      87     

0136                  88     GOTOXY: 

0136 C0E0             89                     PUSH    ACC

                      90             

0138 7480             91                     MOV     A,#80H

013A B80102           92             CJNE    R0,#01,GT1       

                      93             

013D 74C0             94                     MOV     A,#0C0H

                      95                     

013F 49               96     GT1:    ORL     A,R1             

0140 F8               97             MOV     R0,A

0141 7A01             98             MOV     R2,#01           

                      99             

0143 311F            100                     CALL    ESCINST          

                     101             

0145 D0E0            102                     POP     ACC

                     103             

0147 22              104                     RET

                     105                     

                     106     

                     107     

                     108     

                     109     

                     110     

                     111     

                     112     

                     113     

0148                 114     CLR2L:    

0148 C0E0            115             PUSH   ACC

                     116             

014A 7801            117                     MOV    R0,#01               

014C 7900            118             MOV    R1,#00

                     119             

014E 3136            120                     CALL   GOTOXY

                     121             

0150 7910            122                     MOV    R1,#16               

                     123     

A51 MACRO ASSEMBLER  LCD                                                                  05/05/2017 18:38:50 PAGE     3

0152 7420            124     CLR2L1: MOV    A,#' '               

                     125             

0154 3161            126                     CALL   ESCDADO

                     127             

0156 D9FA            128                     DJNZ   R1,CLR2L1

0158 7801            129             MOV    R0,#01               

015A 7900            130             MOV    R1,#00

                     131             

015C 3136            132                     CALL   GOTOXY

                     133             

015E D0E0            134                     POP    ACC

                     135             

0160 22              136                     RET

                     137                

                     138     

                     139     

                     140     

                     141     

                     142     

                     143     

                     144     

0161                 145     ESCDADO:  

0161 C2A6            146                     CLR             RW                               

0163 D2A5            147             SETB    RS               

0165 D2A7            148             SETB    E_LCD            

                     149                     

0167 F580            150             MOV     P0,A             

                     151             

0169 C2A7            152                     CLR     E_LCD            

                     153                     

016B 7580FF          154                     MOV             P0,#0xFF                 

                     155                     

016E D2A6            156                     SETB    RW                               

0170 C2A5            157                     CLR             RS                               

0172 D2A7            158                     SETB    E_LCD            

                     159     

0174 2087FD          160     ESCD1:  JB              BUSYF,ESCD1              

                     161     

0177 C2A7            162                     CLR     E_LCD            

                     163     

0179 22              164             RET

                     165                     

                     166     

                     167     

                     168     

                     169     

                     170     

                     171     

                     172     

                     173     

                     174     

017A                 175     MSTRING:  

017A E4              176                       CLR    A

017B 93              177               MOVC   A,@A+DPTR       

                     178               

017C 6006            179                       JZ     MSTR1

                     180               

017E 120161          181                       LCALL  ESCDADO         

                     182               

0181 A3              183                       INC    DPTR

                     184               

0182 80F6            185                       SJMP   MSTRING

                     186                       

0184 22              187     MSTR1:    RET

                     188                

                     189     

A51 MACRO ASSEMBLER  LCD                                                                  05/05/2017 18:38:50 PAGE     4

                     190     

                     191     

                     192     

                     193     

                     194     

                     195     

                     196     

                     197     

0185                 198     MSTRINGX: 

0185 E0              199                       MOVX   A,@DPTR         

                     200               

0186 6006            201                       JZ     MSTR21

                     202               

0188 120161          203                       LCALL  ESCDADO         

                     204               

018B A3              205                       INC    DPTR

                     206               

018C 80F7            207                       SJMP   MSTRINGX

                     208     

018E 22              209     MSTR21:   RET

                     210     

                     211     

                     212     

                     213     

                     214     

                     215     

                     216     

                     217     

                     218     

                     219     

018F                 220     ESC_STR1: 

                     221                       

018F 7800            222                       MOV    R0,#00         

0191 7900            223               MOV    R1,#00

                     224               

0193 8004            225                       JMP    ESC_S

                     226               

                     227     

                     228     

                     229     

                     230     

                     231     

                     232     

                     233     

                     234     

                     235     

0195                 236     ESC_STR2: 

                     237                       

0195 7801            238                       MOV    R0,#01         

0197 7900            239               MOV    R1,#00

                     240                       

0199 120136          241     ESC_S:    LCALL  GOTOXY          

                     242               

019C 12017A          243                       LCALL  MSTRING

                     244               

019F 22              245                       RET

                     246     

                     247     

                     248     

                     249     

                     250     

                     251     

                     252     

                     253     ; DESTROI: R0,R2                                                                        //

                     254     

01A0                 255     CUR_ON:   

A51 MACRO ASSEMBLER  LCD                                                                  05/05/2017 18:38:50 PAGE     5

01A0 780F            256                       MOV    R0,#0FH               

01A2 8002            257               SJMP   CUR1

                     258                       

01A4                 259     CUR_OFF:  

01A4 780C            260                       MOV    R0,#0CH               

                     261                       

01A6 7A01            262     CUR1:     MOV    R2,#01

                     263               

01A8 311F            264                       CALL   ESCINST               

                     265               

01AA 22              266                       RET

*** WARNING #A41 IN 266 (lcd.a51, LINE 266): MISSING 'END' STATEMENT
A51 MACRO ASSEMBLER  LCD                                                                  05/05/2017 18:38:50 PAGE     6

SYMBOL TABLE LISTING
------ ----- -------


N A M E             T Y P E  V A L U E   ATTRIBUTES

ACC. . . . . . . .  D ADDR   00E0H   A   
BUSYF. . . . . . .  B ADDR   0080H.7 A   
CLR2L. . . . . . .  C ADDR   0148H   A   
CLR2L1 . . . . . .  C ADDR   0152H   A   
CUR1 . . . . . . .  C ADDR   01A6H   A   
CUR_OFF. . . . . .  C ADDR   01A4H   A   
CUR_ON . . . . . .  C ADDR   01A0H   A   
ESCD1. . . . . . .  C ADDR   0174H   A   
ESCDADO. . . . . .  C ADDR   0161H   A   
ESCI1. . . . . . .  C ADDR   0130H   A   
ESCINST. . . . . .  C ADDR   011FH   A   
ESC_S. . . . . . .  C ADDR   0199H   A   
ESC_STR1 . . . . .  C ADDR   018FH   A   
ESC_STR2 . . . . .  C ADDR   0195H   A   
E_LCD. . . . . . .  B ADDR   00A0H.7 A   
GOTOXY . . . . . .  C ADDR   0136H   A   
GT1. . . . . . . .  C ADDR   013FH   A   
INIDISP. . . . . .  C ADDR   0100H   A   
MSTR1. . . . . . .  C ADDR   0184H   A   
MSTR21 . . . . . .  C ADDR   018EH   A   
MSTRING. . . . . .  C ADDR   017AH   A   
MSTRINGX . . . . .  C ADDR   0185H   A   
P0 . . . . . . . .  D ADDR   0080H   A   
P2 . . . . . . . .  D ADDR   00A0H   A   
RS . . . . . . . .  B ADDR   00A0H.5 A   
RW . . . . . . . .  B ADDR   00A0H.6 A   


REGISTER BANK(S) USED: 0 


ASSEMBLY COMPLETE.  1 WARNING(S), 0 ERROR(S)
