A51 MACRO ASSEMBLER  PROJETO00_PADRAO                                                     05/09/2017 16:59:24 PAGE     1


MACRO ASSEMBLER A51 V8.2.5.0
OBJECT MODULE PLACED IN .\Objects\projeto00_padrao.obj
ASSEMBLER INVOKED BY: C:\Keil_v5\C51\BIN\A51.EXE projeto00_padrao.a51 SET(SMALL) DEBUG PRINT(.\Listings\projeto00_padrao
                      .lst) OBJECT(.\Objects\projeto00_padrao.obj) EP

LOC  OBJ            LINE     SOURCE

                       1     

                       2     

                       3     

                       4     

                       5     

                       6     

                       7     

                       8     

                       9     

                      10     $nomod51 

                      11     ;#include <at89c5131.h>

                +1    12     

                +1    13     

                +1    14     

                +1    15     

                +1    16     

                +1    17     

                +1    18     

                +1    19     

                +1    20     

                +1    21     

                +1    22     

                +1    23     

                +1    24     

                +1    25     

                +1    26     

                +1    27     

                +1    28     

                +1    29     

                +1    30     

                +1    31     

                +1    32     

                +1    33     

                +1    34     

                +1    35     

                +1    36     

                +1    37     

                +1    38     

                +1    39     

                +1    40     

  00E0          +1    41     sfr ACC = 0xE0 ;        /* Sfr ( ACC, bit addressable)*/

  00F0          +1    42     sfr B = 0xF0 ;        /* Sfr ( B,   bit addressable)*/

  00D0          +1    43     sfr PSW = 0xD0 ;        /* Sfr ( PSW, bit addressable)*/

  0081          +1    44     sfr SP = 0x81 ;

  0082          +1    45     sfr DPL = 0x82 ;

  0083          +1    46     sfr DPH = 0x83 ;

                +1    47     

                +1    48     

                +1    49     

                +1    50     

                +1    51     

                +1    52     

  0080          +1    53     sfr P0 = 0x80 ;        /* Sfr ( P0, bit addressable)*/

                +1    54     

  0087          +1    55     sbit P0_7 = P0 ^ 7 ;

  0086          +1    56     sbit P0_6 = P0 ^ 6 ;

  0085          +1    57     sbit P0_5 = P0 ^ 5 ;

A51 MACRO ASSEMBLER  PROJETO00_PADRAO                                                     05/09/2017 16:59:24 PAGE     2

  0084          +1    58     sbit P0_4 = P0 ^ 4 ;

  0083          +1    59     sbit P0_3 = P0 ^ 3 ;

  0082          +1    60     sbit P0_2 = P0 ^ 2 ;

  0081          +1    61     sbit P0_1 = P0 ^ 1 ;

  0080          +1    62     sbit P0_0 = P0 ^ 0 ;

                +1    63     

  0090          +1    64     sfr P1 = 0x90 ;        /* Sfr ( P1, bit addressable)*/

                +1    65     

  0097          +1    66     sbit P1_7 = P1 ^ 7 ;

  0096          +1    67     sbit P1_6 = P1 ^ 6 ;

  0095          +1    68     sbit P1_5 = P1 ^ 5 ;

  0094          +1    69     sbit P1_4 = P1 ^ 4 ;

  0093          +1    70     sbit P1_3 = P1 ^ 3 ;

  0092          +1    71     sbit P1_2 = P1 ^ 2 ;

  0091          +1    72     sbit P1_1 = P1 ^ 1 ;

  0090          +1    73     sbit P1_0 = P1 ^ 0 ;

                +1    74     

  00A0          +1    75     sfr P2 = 0xA0 ;        /* Sfr ( P2, bit addressable)*/

                +1    76     

  00A7          +1    77     sbit P2_7 = P2 ^ 7 ;

  00A6          +1    78     sbit P2_6 = P2 ^ 6 ;

  00A5          +1    79     sbit P2_5 = P2 ^ 5 ;

  00A4          +1    80     sbit P2_4 = P2 ^ 4 ;

  00A3          +1    81     sbit P2_3 = P2 ^ 3 ;

  00A2          +1    82     sbit P2_2 = P2 ^ 2 ;

  00A1          +1    83     sbit P2_1 = P2 ^ 1 ;

  00A0          +1    84     sbit P2_0 = P2 ^ 0 ;

                +1    85     

  00B0          +1    86     sfr P3 = 0xB0 ;        /* Sfr ( P3, bit addressable)*/

                +1    87     

  00B7          +1    88     sbit P3_7 = P3 ^ 7 ;

  00B6          +1    89     sbit P3_6 = P3 ^ 6 ;

  00B5          +1    90     sbit P3_5 = P3 ^ 5 ;

  00B4          +1    91     sbit P3_4 = P3 ^ 4 ;

  00B3          +1    92     sbit P3_3 = P3 ^ 3 ;

  00B2          +1    93     sbit P3_2 = P3 ^ 2 ;

  00B1          +1    94     sbit P3_1 = P3 ^ 1 ;

  00B0          +1    95     sbit P3_0 = P3 ^ 0 ;

                +1    96     

  00C0          +1    97     sfr P4 = 0xC0 ;        /* Sfr ( P4, bit addressable)*/

                +1    98     

  00C1          +1    99     sbit P4_1 = P4 ^ 1 ;

  00C0          +1   100     sbit P4_0 = P4 ^ 0 ;

                +1   101     

                +1   102     

                +1   103     

                +1   104     

  008C          +1   105     sfr TH0 = 0x8C ; 

  008A          +1   106     sfr TL0 = 0x8A ;

  008D          +1   107     sfr TH1 = 0x8D ;

  008B          +1   108     sfr TL1 = 0x8B ;

  00CD          +1   109     sfr TH2 = 0xCD ;

  00CC          +1   110     sfr TL2 = 0xCC ;

  0088          +1   111     sfr TCON = 0x88 ;        /* Sfr ( TCON,  bit addressable)*/

  0089          +1   112     sfr TMOD = 0x89 ;

  00C8          +1   113     sfr T2CON = 0xC8 ;        /* Sfr ( T2CON, bit addressable)*/

  00C9          +1   114     sfr T2MOD = 0xC9 ;

  00CB          +1   115     sfr RCAP2H = 0xCB ;

  00CA          +1   116     sfr RCAP2L = 0xCA ;

  00A6          +1   117     sfr WDTRST = 0xA6 ;

  00A7          +1   118     sfr WDTPRG = 0xA7 ;

                +1   119     

                +1   120                                 

  008F          +1   121     sbit TF1 = TCON ^ 7 ;

  008E          +1   122     sbit TR1 = TCON ^ 6 ;

  008D          +1   123     sbit TF0 = TCON ^ 5 ;

A51 MACRO ASSEMBLER  PROJETO00_PADRAO                                                     05/09/2017 16:59:24 PAGE     3

  008C          +1   124     sbit TR0 = TCON ^ 4 ;

  008B          +1   125     sbit IE1_ = TCON ^ 3 ;

  008A          +1   126     sbit IT1 = TCON ^ 2 ;

  0089          +1   127     sbit IE0_ = TCON ^ 1 ;

  0088          +1   128     sbit IT0 = TCON ^ 0 ;

                +1   129                                 

  00CF          +1   130     sbit TF2 = T2CON ^ 7 ;

  00CE          +1   131     sbit EXF2 = T2CON ^ 6 ;

  00CD          +1   132     sbit RCLK = T2CON ^ 5 ;

  00CC          +1   133     sbit TCLK = T2CON ^ 4 ;

  00CB          +1   134     sbit EXEN2 = T2CON ^ 3 ;

  00CA          +1   135     sbit TR2 = T2CON ^ 2 ;

  00C9          +1   136     sbit C_T2 = T2CON ^ 1 ;

  00C8          +1   137     sbit CP_RL2 = T2CON ^ 0 ;

                +1   138     

                +1   139     

                +1   140     

                +1   141     

  0098          +1   142     sfr SCON = 0x98 ;

  0099          +1   143     sfr SBUF = 0x99 ;

  00B9          +1   144     sfr SADEN = 0xB9 ;

  00A9          +1   145     sfr SADDR = 0xA9 ;

                +1   146     

  009F          +1   147     sbit FE_SM0 = SCON ^ 7 ;

  009E          +1   148     sbit SM1 = SCON ^ 6 ;

  009D          +1   149     sbit SM2 = SCON ^ 5 ;

  009C          +1   150     sbit REN = SCON ^ 4 ;

  009B          +1   151     sbit TB8 = SCON ^ 3 ;

  009A          +1   152     sbit RB8 = SCON ^ 2 ;

  0099          +1   153     sbit TI = SCON ^ 1 ;

  0098          +1   154     sbit RI = SCON ^ 0 ;

                +1   155     

                +1   156     

                +1   157     

  009A          +1   158     sfr BRL = 0x9A ;

  009B          +1   159     sfr BDRCON = 0x9B ;

                +1   160     

                +1   161     

                +1   162     

  00D8          +1   163     sfr CCON = 0xD8 ;      /* Sfr ( CCON, bit addressable)*/

  00D9          +1   164     sfr CMOD = 0xD9 ;

  00E9          +1   165     sfr CL = 0xE9 ;

  00F9          +1   166     sfr CH = 0xF9 ;

  00DA          +1   167     sfr CCAPM0 = 0xDA ;

  00DB          +1   168     sfr CCAPM1 = 0xDB ;

  00DC          +1   169     sfr CCAPM2 = 0xDC ;

  00DD          +1   170     sfr CCAPM3 = 0xDD ;

  00DE          +1   171     sfr CCAPM4 = 0xDE ;

  00FA          +1   172     sfr CCAP0H = 0xFA ;

  00FB          +1   173     sfr CCAP1H = 0xFB ;

  00FC          +1   174     sfr CCAP2H = 0xFC ;

  00FD          +1   175     sfr CCAP3H = 0xFD ;

  00FE          +1   176     sfr CCAP4H = 0xFE ;

  00EA          +1   177     sfr CCAP0L = 0xEA ;

  00EB          +1   178     sfr CCAP1L = 0xEB ;

  00EC          +1   179     sfr CCAP2L = 0xEC ;

  00ED          +1   180     sfr CCAP3L = 0xED ;

  00EE          +1   181     sfr CCAP4L = 0xEE ;

                +1   182     

                +1   183                                  

  00DF          +1   184     sbit CF = CCON ^ 7 ;

  00DE          +1   185     sbit CR = CCON ^ 6 ;

  00DC          +1   186     sbit CCF4 = CCON ^ 4 ;

  00DB          +1   187     sbit CCF3 = CCON ^ 3 ;

  00DA          +1   188     sbit CCF2 = CCON ^ 2 ;

  00D9          +1   189     sbit CCF1 = CCON ^ 1 ;

A51 MACRO ASSEMBLER  PROJETO00_PADRAO                                                     05/09/2017 16:59:24 PAGE     4

  00D8          +1   190     sbit CCF0 = CCON ^ 0 ;

                +1   191     

                +1   192     

                +1   193     

                +1   194     

  00A8          +1   195     sfr IEN0 = 0xA8 ;       /* Sfr ( IEN0,  bit addressable                 */

  00B1          +1   196     sfr IEN1 = 0xB1 ;

  00B8          +1   197     sfr IPL0 = 0xB8 ;       /* Sfr ( IPL0, bit addressable          */

  00B7          +1   198     sfr IPH0 = 0xB7 ;

  00B2          +1   199     sfr IPL1 = 0xB2 ;

  00B3          +1   200     sfr IPH1 = 0xB3 ;

                +1   201     

                +1   202                                  

  00AF          +1   203     sbit EA = IEN0 ^ 7 ;

  00AE          +1   204     sbit EC = IEN0 ^ 6 ;

  00AD          +1   205     sbit ET2 = IEN0 ^ 5 ;

  00AC          +1   206     sbit ES = IEN0 ^ 4 ;

  00AB          +1   207     sbit ET1 = IEN0 ^ 3 ;

  00AA          +1   208     sbit EX1 = IEN0 ^ 2 ;

  00A9          +1   209     sbit ET0 = IEN0 ^ 1 ;

  00A8          +1   210     sbit EX0 = IEN0 ^ 0 ;

                +1   211                                  

  00BE          +1   212     sbit PPCL = IPL0 ^ 6 ;

  00BD          +1   213     sbit PT2L = IPL0 ^ 5 ;

  00BC          +1   214     sbit PSL = IPL0 ^ 4 ;

  00BB          +1   215     sbit PTIL = IPL0 ^ 3 ;

  00BA          +1   216     sbit PXIL = IPL0 ^ 2 ;

  00B9          +1   217     sbit PT0L = IPL0 ^ 1 ;

  00B8          +1   218     sbit PX0L = IPL0 ^ 0 ;

                +1   219     

                +1   220     

                +1   221     

  00A3          +1   222     sfr PLLCON = 0xA3 ;

  00A4          +1   223     sfr PLLDIV = 0xA4 ;

                +1   224     

                +1   225     

                +1   226     

  009E          +1   227     sfr KBF = 0x9E ;

  009D          +1   228     sfr KBE = 0x9D ;

  009C          +1   229     sfr KBLS = 0x9C ;

                +1   230     

                +1   231     

                +1   232     

  0093          +1   233     sfr SSCON = 0x93 ;

  0094          +1   234     sfr SSCS = 0x94 ;

  0095          +1   235     sfr SSDAT = 0x95 ;

  0096          +1   236     sfr SSADR = 0x96 ;

                +1   237     

                +1   238     

                +1   239     

  00C3          +1   240     sfr SPCON = 0xC3 ;

  00C4          +1   241     sfr SPSTA = 0xC4 ;

  00C5          +1   242     sfr SPDAT = 0xC5 ;

                +1   243     

                +1   244     

                +1   245     

  00BC          +1   246     sfr USBCON = 0xBC ;

  00C6          +1   247     sfr USBADDR = 0xC6 ;

  00BD          +1   248     sfr USBINT = 0xBD ;

  00BE          +1   249     sfr USBIEN = 0xBE ;

  00C7          +1   250     sfr UEPNUM = 0xC7 ;

  00D4          +1   251     sfr UEPCONX = 0xD4 ;

  00CE          +1   252     sfr UEPSTAX = 0xCE ;

  00D5          +1   253     sfr UEPRST = 0xD5 ;

  00F8          +1   254     sfr UEPINT = 0xF8 ;         /* Sfr ( UEPINT, bit addressable) */

  00C2          +1   255     sfr UEPIEN = 0xC2 ;

A51 MACRO ASSEMBLER  PROJETO00_PADRAO                                                     05/09/2017 16:59:24 PAGE     5

  00CF          +1   256     sfr UEPDATX = 0xCF ;

  00E2          +1   257     sfr UBYCTLX = 0xE2 ;

  00E3          +1   258     sfr UBYCTHX = 0xE3 ;

  00D6          +1   259     sfr UDPADDL = 0xD6 ;

  00D7          +1   260     sfr UDPADDH = 0xD7 ;

  00BA          +1   261     sfr UFNUML = 0xBA ;

  00BB          +1   262     sfr UFNUMH = 0xBB ;

                +1   263                                     

  00FE          +1   264     sbit EP6INT = UEPINT ^ 6 ;

  00FD          +1   265     sbit EP5INT = UEPINT ^ 5 ;

  00FC          +1   266     sbit EP4INT = UEPINT ^ 4 ;

  00FB          +1   267     sbit EP3INT = UEPINT ^ 3 ;

  00FA          +1   268     sbit EP2INT = UEPINT ^ 2 ;

  00F9          +1   269     sbit EP1INT = UEPINT ^ 1 ;

  00F8          +1   270     sbit EP0INT = UEPINT ^ 0 ;

                +1   271     

                +1   272     

                +1   273     

  0087          +1   274     sfr PCON = 0x87 ;

  008E          +1   275     sfr AUXR = 0x8E ;

  00A2          +1   276     sfr AUXR1 = 0xA2 ;

  008F          +1   277     sfr CKCON0 = 0x8F ;

  00AF          +1   278     sfr CKCON1 = 0xAF ;

  0085          +1   279     sfr CKSEL = 0x85 ;

  00F1          +1   280     sfr LEDCON = 0xF1 ;

  00D1          +1   281     sfr FCON = 0xD1 ;

  00D2          +1   282     sfr EECON = 0xD2 ;

                +1   283     

                +1   284     

                +1   285     

                +1   286     

                     287     

                     288     ;#include "lcd16x2.a51"

                +1   289     

                +1   290     

                +1   291     

                +1   292     

                +1   293     

                +1   294     

                +1   295     

                +1   296     

                +1   297     

                +1   298     

                +1   299     

                +1   300     

                +1   301     

                +1   302     

                +1   303     

                +1   304     

                +1   305     

  0080          +1   306     DISPLAY EQU P0

  0087          +1   307     BUSYF   EQU     P0.7                     

                +1   308     

  00A5          +1   309     RS              EQU     P2.5                     

  00A7          +1   310     E_LCD   EQU     P2.7                     

  00A6          +1   311     RW              EQU     P2.6                     

                +1   312     

                +1   313     

                +1   314     

                +1   315     

                +1   316     

                +1   317     

                +1   318     

                +1   319     

                +1   320     

                +1   321     

A51 MACRO ASSEMBLER  PROJETO00_PADRAO                                                     05/09/2017 16:59:24 PAGE     6

0000            +1   322     INIDISP:

0000 7838       +1   323             MOV     R0,#38h           

0002 7A05       +1   324             MOV     R2,#05h           

0004 111F       +1   325             CALL    ESCINST           

                +1   326             

0006 7838       +1   327                     MOV     R0,#38h           

0008 7A01       +1   328             MOV     R2,#01h           

000A 111F       +1   329             CALL    ESCINST           

                +1   330             

000C 7806       +1   331                     MOV     R0,#06h           

000E 7A01       +1   332             MOV     R2,#01h           

0010 111F       +1   333             CALL    ESCINST           

                +1   334             

0012 780C       +1   335                     MOV     R0,#0Ch           

0014 7A01       +1   336             MOV     R2,#01h           

0016 111F       +1   337             CALL    ESCINST           

                +1   338             

0018 7801       +1   339                     MOV     R0,#01h           

001A 7A02       +1   340             MOV     R2,#02h           

001C 111F       +1   341             CALL    ESCINST           

                +1   342             

001E 22         +1   343                     RET

                +1   344                     

                +1   345     

                +1   346     

                +1   347     

                +1   348     

                +1   349     

                +1   350     

                +1   351     

                +1   352     

                +1   353     

001F            +1   354     ESCINST:  

001F C2A6       +1   355                     CLR             RW                               

0021 C2A5       +1   356                     CLR     RS               

0023 D2A7       +1   357                     SETB    E_LCD            

                +1   358                     

0025 8880       +1   359                     MOV     DISPLAY, R0      

                +1   360                     

0027 C2A7       +1   361                     CLR     E_LCD            

                +1   362                     

0029 7580FF     +1   363                     MOV             DISPLAY,#0xFF    

                +1   364                     

002C D2A6       +1   365                     SETB    RW                               

002E D2A7       +1   366                     SETB    E_LCD            

                +1   367     

0030 2087FD     +1   368                     JB              BUSYF, $                 

                +1   369                     

0033 C2A7       +1   370                     CLR     E_LCD            

                +1   371             

0035 22         +1   372                     RET

                +1   373                     

                +1   374     

                +1   375     

                +1   376     

                +1   377     

                +1   378     

                +1   379     

                +1   380     

                +1   381     

0036            +1   382     GOTOXY: 

0036 C0E0       +1   383                     PUSH    ACC

                +1   384             

0038 7480       +1   385                     MOV     A,#80h

003A B80102     +1   386             CJNE    R0, #01h, GT1       

                +1   387             

A51 MACRO ASSEMBLER  PROJETO00_PADRAO                                                     05/09/2017 16:59:24 PAGE     7

003D 74C0       +1   388                     MOV     A,#0C0h

                +1   389                     

003F 49         +1   390     GT1:    ORL     A, R1              

0040 F8         +1   391             MOV     R0, A

0041 7A01       +1   392             MOV     R2, #01h           

                +1   393             

0043 111F       +1   394                     CALL    ESCINST            

                +1   395             

0045 D0E0       +1   396                     POP     ACC

                +1   397             

0047 22         +1   398                     RET

                +1   399             

                +1   400     

                +1   401     

                +1   402     

                +1   403     

                +1   404     

                +1   405     

                +1   406     

                +1   407     

0048            +1   408     CLR1L:    

0048 C0E0       +1   409             PUSH   ACC

                +1   410             

004A 7800       +1   411                     MOV    R0,#00h               

004C 7900       +1   412             MOV    R1,#00h

                +1   413             

004E 1136       +1   414                     CALL   GOTOXY

                +1   415             

0050 7910       +1   416                     MOV    R1, #16              

                +1   417     

0052 7420       +1   418     CLR1L1: MOV    A,#' '               

                +1   419             

0054 117A       +1   420                     CALL   ESCDADO

                +1   421             

0056 D9FA       +1   422                     DJNZ   R1, CLR1L1

0058 7800       +1   423             MOV    R0,#00               

005A 7900       +1   424             MOV    R1,#00

                +1   425             

005C 1136       +1   426                     CALL   GOTOXY

                +1   427             

005E D0E0       +1   428                     POP    ACC

                +1   429             

0060 22         +1   430                     RET

                +1   431                     

                +1   432     

                +1   433     

                +1   434     

                +1   435     

                +1   436     

                +1   437     

                +1   438     

                +1   439     

0061            +1   440     CLR2L:    

0061 C0E0       +1   441             PUSH   ACC

                +1   442             

0063 7801       +1   443                     MOV    R0,#01               

0065 7900       +1   444             MOV    R1,#00

                +1   445             

0067 1136       +1   446                     CALL   GOTOXY

                +1   447             

0069 7910       +1   448                     MOV    R1,#16               

                +1   449     

006B 7420       +1   450     CLR2L1: MOV    A,#' '               

                +1   451             

006D 117A       +1   452                     CALL   ESCDADO

                +1   453             

A51 MACRO ASSEMBLER  PROJETO00_PADRAO                                                     05/09/2017 16:59:24 PAGE     8

006F D9FA       +1   454                     DJNZ   R1,CLR2L1

0071 7801       +1   455             MOV    R0,#01               

0073 7900       +1   456             MOV    R1,#00

                +1   457             

0075 1136       +1   458                     CALL   GOTOXY

                +1   459             

0077 D0E0       +1   460                     POP    ACC

                +1   461             

0079 22         +1   462                     RET

                +1   463                

                +1   464     

                +1   465     

                +1   466     

                +1   467     

                +1   468     

                +1   469     

                +1   470     

007A            +1   471     ESCDADO:  

007A C2A6       +1   472                     CLR             RW                               

007C D2A5       +1   473             SETB    RS               

007E D2A7       +1   474             SETB    E_LCD            

                +1   475                     

0080 F580       +1   476             MOV     DISPLAY,A        

                +1   477             

0082 C2A7       +1   478                     CLR     E_LCD            

                +1   479                     

0084 7580FF     +1   480                     MOV             DISPLAY,#0xFF    

                +1   481                     

0087 D2A6       +1   482                     SETB    RW                               

0089 C2A5       +1   483                     CLR             RS                               

008B D2A7       +1   484                     SETB    E_LCD            

                +1   485     

008D 2087FD     +1   486                     JB              BUSYF,$                  

                +1   487     

0090 C2A7       +1   488                     CLR     E_LCD            

                +1   489     

0092 22         +1   490             RET

                +1   491                     

                +1   492     

                +1   493     

                +1   494     

                +1   495     

                +1   496     

                +1   497     

                +1   498     

                +1   499     

                +1   500     

0093            +1   501     MSTRING:  

0093 E4         +1   502                       CLR    A

0094 93         +1   503               MOVC   A,@A+DPTR       

                +1   504               

0095 6006       +1   505                       JZ     MSTR1

                +1   506               

0097 12007A     +1   507                       LCALL  ESCDADO         

                +1   508               

009A A3         +1   509                       INC    DPTR

                +1   510               

009B 80F6       +1   511                       SJMP   MSTRING

                +1   512                       

009D 22         +1   513     MSTR1:    RET

                +1   514                

                +1   515     

                +1   516     

                +1   517     

                +1   518     

                +1   519     

A51 MACRO ASSEMBLER  PROJETO00_PADRAO                                                     05/09/2017 16:59:24 PAGE     9

                +1   520     

                +1   521     

                +1   522     

                +1   523     

009E            +1   524     MSTRINGX: 

009E E0         +1   525                       MOVX   A,@DPTR         

                +1   526               

009F 6006       +1   527                       JZ     MSTR21

                +1   528               

00A1 12007A     +1   529                       LCALL  ESCDADO         

                +1   530               

00A4 A3         +1   531                       INC    DPTR

                +1   532               

00A5 80F7       +1   533                       SJMP   MSTRINGX

                +1   534     

00A7 22         +1   535     MSTR21:   RET

                +1   536     

                +1   537     

                +1   538     

                +1   539     

                +1   540     

                +1   541     

                +1   542     

                +1   543     

                +1   544     

                +1   545     

00A8            +1   546     ESC_STR1: 

                +1   547                       

00A8 7800       +1   548                       MOV    R0,#00         

00AA 7900       +1   549               MOV    R1,#00

                +1   550               

00AC 8004       +1   551                       JMP    ESC_S

                +1   552               

                +1   553     

                +1   554     

                +1   555     

                +1   556     

                +1   557     

                +1   558     

                +1   559     

                +1   560     

                +1   561     

00AE            +1   562     ESC_STR2: 

                +1   563                       

00AE 7801       +1   564                       MOV    R0,#01         

00B0 7900       +1   565               MOV    R1,#00

                +1   566                       

00B2 120036     +1   567     ESC_S:    LCALL  GOTOXY          

                +1   568               

00B5 120093     +1   569                       LCALL  MSTRING

                +1   570               

00B8 22         +1   571                       RET

                +1   572     

                +1   573     

                +1   574     

                +1   575     

                +1   576     

                +1   577     

                +1   578     

                +1   579     ; DESTROI: R0,R2                                                                        //

                +1   580     

00B9            +1   581     CUR_ON:   

00B9 780F       +1   582                       MOV    R0,#0Fh               

00BB 8002       +1   583               SJMP   CUR1

                +1   584                       

00BD            +1   585     CUR_OFF:  

A51 MACRO ASSEMBLER  PROJETO00_PADRAO                                                     05/09/2017 16:59:24 PAGE    10

00BD 780C       +1   586                       MOV    R0,#0Ch               

                +1   587                       

00BF 7A01       +1   588     CUR1:     MOV    R2,#01

                +1   589               

00C1 111F       +1   590                       CALL   ESCINST               

                +1   591               

00C3 22         +1   592                       RET

                +1   593                       

                +1   594     

                +1   595     

                +1   596     

                +1   597     

                +1   598     

                +1   599     

                +1   600     

00C4            +1   601     ESCREVE_ASTERISCO:              

00C4 742A       +1   602                     MOV     A, #2Ah  

00C6 117A       +1   603                     CALL    ESCDADO

                +1   604             

00C8 22         +1   605                     RET

                     606     

                     607     ;#include "display_7_segmentos.a51"

                +1   608     

                +1   609     

                +1   610     

                +1   611     

                +1   612     

                +1   613     

                +1   614     

                +1   615     

                +1   616     

                +1   617     

                +1   618     

                +1   619     

                +1   620     

                +1   621     

                +1   622     

                +1   623     

                +1   624     

                +1   625     

                +1   626     

                +1   627     

                +1   628     

  0080          +1   629     PORT_DISPLAY                            EQU     P0

  0090          +1   630     DISPLAY_UNIDADE                         EQU P1.0

  0091          +1   631     DISPLAY_DEZENA                          EQU P1.1

  0092          +1   632     DISPLAY_CENTENA                         EQU     P1.2

                +1   633             

  0100          +1   634     QTD_DIGITOS                                     EQU 0100h

                +1   635             

                +1   636     

                +1   637     

                +1   638     

                +1   639     

00C9            +1   640     TAB7SEG:

00C9 3F065B4F   +1   641             DB 3Fh, 06h, 5Bh, 4Fh, 66h, 6Dh, 7Dh, 07h, 7Fh, 6Fh, 77h, 7Ch, 39h, 5Eh, 79h, 71h

00CD 666D7D07                
00D1 7F6F777C                
00D5 395E7971                
                +1   642                     

                +1   643     

                +1   644     

                +1   645     

                +1   646     

                +1   647     

                +1   648     

A51 MACRO ASSEMBLER  PROJETO00_PADRAO                                                     05/09/2017 16:59:24 PAGE    11

                +1   649     

00D9            +1   650     MOSTRA_DIGITO_DISPLAY:

00D9 C083       +1   651                     PUSH    DPH

00DB C082       +1   652                     PUSH    DPL

                +1   653     

00DD 9000C9     +1   654                     MOV     DPTR, #TAB7SEG   

                +1   655                     

00E0 93         +1   656                     MOVC    A, @A + DPTR     

00E1 F4         +1   657             CPL     A                

00E2 F580       +1   658                     MOV     PORT_DISPLAY, A  

                +1   659                     

00E4 D082       +1   660                     POP     DPL

00E6 D083       +1   661                     POP     DPH

                +1   662                     

00E8 22         +1   663                     RET

                +1   664                     

                +1   665     

                +1   666     

                +1   667     

                +1   668     

                +1   669     

                +1   670     

                +1   671     

                +1   672     

                +1   673     

                +1   674     

                +1   675     

                +1   676     

                +1   677     

                +1   678     

                +1   679     

00E9            +1   680     BINARIO_BCD:

00E9 C0E0       +1   681                     PUSH    ACC

00EB C0F0       +1   682                     PUSH    B

                +1   683     

00ED C290       +1   684                     CLR             DISPLAY_UNIDADE

00EF C291       +1   685                     CLR             DISPLAY_DEZENA

00F1 C292       +1   686                     CLR             DISPLAY_CENTENA

                +1   687                     

                +1   688                     

00F3 E9         +1   689                     MOV             A, R1

00F4 FB         +1   690                     MOV             R3, A

                +1   691     

00F5            +1   692     CONTINUA_BINARIO_BCD:

00F5 E8         +1   693                     MOV     A, R0

00F6 75F064     +1   694                     MOV     B, #100d  

                +1   695                     

00F9 84         +1   696                     DIV     AB

00FA D290       +1   697                     SETB    DISPLAY_UNIDADE

00FC 11D9       +1   698                     ACALL   MOSTRA_DIGITO_DISPLAY

                +1   699                     

00FE 7801       +1   700                     MOV             R0,     #01h

0100 12013D     +1   701                     LCALL   TIMER_DELAY_1_MS

                +1   702                     

0103 E5F0       +1   703                     MOV     A, B

0105 75F00A     +1   704                     MOV     B, #10d

                +1   705                     

0108 84         +1   706                     DIV     AB

0109 C290       +1   707                     CLR     DISPLAY_UNIDADE

010B D291       +1   708                     SETB    DISPLAY_DEZENA

010D 11D9       +1   709                     ACALL   MOSTRA_DIGITO_DISPLAY

                +1   710                     

010F 7801       +1   711                     MOV             R0,     #01h

0111 12013D     +1   712                     LCALL   TIMER_DELAY_1_MS

                +1   713                     

0114 E5F0       +1   714                     MOV     A, B

A51 MACRO ASSEMBLER  PROJETO00_PADRAO                                                     05/09/2017 16:59:24 PAGE    12

                +1   715                     

0116 C291       +1   716                     CLR     DISPLAY_DEZENA

0118 D292       +1   717                     SETB    DISPLAY_CENTENA

011A 11D9       +1   718                     ACALL   MOSTRA_DIGITO_DISPLAY

                +1   719                     

011C 7801       +1   720                     MOV             R0,     #01h

011E 12013D     +1   721                     LCALL   TIMER_DELAY_1_MS

                +1   722                     

0121 C292       +1   723                     CLR             DISPLAY_CENTENA

                +1   724                     

                +1   725                     

0123 D9D0       +1   726                     DJNZ    R1, CONTINUA_BINARIO_BCD

                +1   727                     

0125 EB         +1   728                     MOV             A, R3

0126 F9         +1   729                     MOV             R1, A

                +1   730                     

0127 DACC       +1   731                     DJNZ    R2, CONTINUA_BINARIO_BCD  

                +1   732                     

0129 D0F0       +1   733                     POP     B

012B D0E0       +1   734                     POP             ACC

                +1   735                     

012D 22         +1   736                     RET

                     737     

                     738     ;#include "timer.a51"

                +1   739     

                +1   740     

                +1   741     

                +1   742     

                +1   743     

                +1   744     

                +1   745     

                +1   746     

                +1   747     

                +1   748     

                +1   749     

                +1   750     

                +1   751     

                +1   752     

                +1   753     

                +1   754     

                +1   755     

                +1   756     

                +1   757     

                +1   758     

012E            +1   759     TIMER_CONFIGURA_TIMER_SEM_INT:

012E 8F89       +1   760                     MOV     TMOD, R7  

                +1   761                     

0130 3133       +1   762                     ACALL   SETA_VALORES_TIMER_SEM_INT

                +1   763                     

0132 22         +1   764                     RET

                +1   765                     

                +1   766     

                +1   767     

                +1   768     

                +1   769     

                +1   770     

                +1   771     

                +1   772     

                +1   773     

0133            +1   774     SETA_VALORES_TIMER_SEM_INT:

                +1   775                     

0133 8E8C       +1   776                     MOV     TH0, R6

0135 8D8A       +1   777                     MOV     TL0, R5

                +1   778                     

0137 22         +1   779                     RET

                +1   780     

A51 MACRO ASSEMBLER  PROJETO00_PADRAO                                                     05/09/2017 16:59:24 PAGE    13

                +1   781     

                +1   782     

                +1   783     

                +1   784     

                +1   785     

                +1   786     

                +1   787     

0138            +1   788     TIMER_DELAY_10_US: 

0138 7E02       +1   789                     MOV     R6, #02d     

013A DEFE       +1   790                     DJNZ    R6, $

                +1   791                     

013C 22         +1   792                     RET

                +1   793                     

                +1   794     

                +1   795     

                +1   796     

                +1   797     

                +1   798     

                +1   799     

                +1   800     

                +1   801     

                +1   802     

                +1   803     

013D            +1   804     TIMER_DELAY_1_MS:

                +1   805                     

013D 7F01       +1   806                     MOV             R7, #00000001b

013F 7EF8       +1   807                     MOV     R6, #HIGH(65535 - 1978)

0141 7D45       +1   808                     MOV     R5, #LOW(65535 - 1978)

0143 312E       +1   809                     ACALL   TIMER_CONFIGURA_TIMER_SEM_INT

                +1   810     

0145            +1   811     CONTINUA_TIMER_1_MS:

0145 C28D       +1   812                     CLR     TF0

0147 D28C       +1   813                     SETB    TR0

                +1   814             

0149 308DFD     +1   815                     JNB     TF0, $

                +1   816                             

014C 3133       +1   817                     ACALL   SETA_VALORES_TIMER_SEM_INT

                +1   818                     

014E C28D       +1   819                     CLR     TF0

0150 C28C       +1   820                     CLR     TR0

                +1   821             

0152 D8F1       +1   822                     DJNZ    R0, CONTINUA_TIMER_1_MS

                +1   823             

0154 22         +1   824                     RET

                +1   825     

                +1   826     

                +1   827     

                +1   828     

                +1   829     

                +1   830     

                +1   831     

                +1   832     

0155            +1   833     TIMER_DELAY_200_MS:

0155 78C8       +1   834                     MOV             R0, #0C8h 

                +1   835     

0157 313D       +1   836                     ACALL   TIMER_DELAY_1_MS

                +1   837                     

0159 D9FA       +1   838                     DJNZ    R1, TIMER_DELAY_200_MS

                +1   839             

015B 22         +1   840                     RET

                +1   841             

                +1   842     

                +1   843     

                +1   844     

                +1   845     

                +1   846     

A51 MACRO ASSEMBLER  PROJETO00_PADRAO                                                     05/09/2017 16:59:24 PAGE    14

                +1   847     

                +1   848     

015C            +1   849     TIMER_DELAY_1_S:

015C 7905       +1   850                     MOV             R1, #05h

015E 3155       +1   851                     ACALL   TIMER_DELAY_200_MS

                +1   852                     

0160 DAFA       +1   853                     DJNZ    R2, TIMER_DELAY_1_S

                +1   854             

0162 22         +1   855                     RET

                +1   856                     

                +1   857     

                +1   858     

                +1   859     

                +1   860     

                +1   861     

                +1   862     

                +1   863     

                +1   864     

                +1   865     

                +1   866     

                +1   867     

                +1   868     

0163            +1   869     TIMER_DELAY:

0163 C0E0       +1   870                     PUSH    ACC

0165 C0F0       +1   871                     PUSH    B

                +1   872     

0167 BA0013     +1   873                     CJNE    R2, #00h, CHAMA_TIMER_1_S

                +1   874     

016A            +1   875     VERIFICA_R1:

016A B90009     +1   876                     CJNE    R1, #00h, CHAMA_TIMER_200_MS

                +1   877                     

016D            +1   878     VERIFICA_R0:

016D B80002     +1   879                     CJNE    R0, #00h, CHAMA_TIMER_1_MS

                +1   880                     

0170 2187       +1   881                     AJMP    FINALIZA_TIMER_DELAY

                +1   882                     

0172            +1   883     CHAMA_TIMER_1_MS:

0172 313D       +1   884                     ACALL   TIMER_DELAY_1_MS

0174 2187       +1   885                     AJMP    FINALIZA_TIMER_DELAY

                +1   886     

0176            +1   887     CHAMA_TIMER_200_MS:

0176 EE         +1   888                     MOV             A, R6

0177 E8         +1   889                     MOV             A, R0

                +1   890                     

0178 3155       +1   891                     ACALL   TIMER_DELAY_200_MS

                +1   892                     

017A F8         +1   893                     MOV             R0, A

                +1   894                     

017B 216D       +1   895                     AJMP    VERIFICA_R0

                +1   896                     

017D            +1   897     CHAMA_TIMER_1_S:

017D E8         +1   898                     MOV             A, R0

017E 89F0       +1   899                     MOV             B, R1

                +1   900     

0180 315C       +1   901                     ACALL   TIMER_DELAY_1_S

                +1   902                     

0182 F8         +1   903                     MOV             R0, A

0183 A9F0       +1   904                     MOV             R1, B

                +1   905                     

0185 216A       +1   906                     AJMP    VERIFICA_R1

                +1   907     

0187            +1   908     FINALIZA_TIMER_DELAY:

0187 D0F0       +1   909                     POP             B

0189 D0E0       +1   910                     POP     ACC

                +1   911                     

018B 22         +1   912                     RET

A51 MACRO ASSEMBLER  PROJETO00_PADRAO                                                     05/09/2017 16:59:24 PAGE    15

                     913     

                     914     

                     915     

                     916     

                     917     

                     918     

                     919     

                     920     

                     921     

                     922     

                     923     

                     924     

                     925     

                     926     

                     927     

0000                 928     ORG 0000h  

0000 020046          929                     LJMP __STARTUP__

                     930     

0003                 931     ORG 0003h  

0003 020051          932                     LJMP INT_INT0

                     933     

000B                 934     ORG 000Bh  

000B 020052          935                     LJMP INT_TIMER0

                     936     

0013                 937     ORG 0013h  

0013 020053          938                     LJMP INT_INT1

                     939     

001B                 940     ORG 001Bh  

001B 020054          941                     LJMP INT_TIMER1

                     942     

0023                 943     ORG 0023h  

0023 020055          944                     LJMP INT_SERIAL

                     945     

0043                 946     ORG     0043h

0043 020056          947                     LJMP INT_I2C_TWI

                     948             

0046                 949     __STARTUP__:

0046 7832            950                     MOV             R0, #050d

0048 7905            951                     MOV             R1, #005d

004A 7A02            952                     MOV             R2, #002d

004C 120163          953                     LCALL   TIMER_DELAY

                     954                     

004F 80F5            955                     JMP     __STARTUP__

                     956     

                     957     

                     958     

                     959     

                     960     

                     961     

                     962     

                     963     

                     964     

                     965     

                     966     

                     967     

0051                 968     INT_INT0:

0051 32              969                     RETI

                     970     

                     971     

                     972     

                     973     

                     974     

                     975     

                     976     

                     977     

0052                 978     INT_TIMER0:

A51 MACRO ASSEMBLER  PROJETO00_PADRAO                                                     05/09/2017 16:59:24 PAGE    16

0052 32              979                     RETI

                     980             

                     981     

                     982     

                     983     

                     984     

                     985     

                     986     

                     987     

0053                 988     INT_INT1:

0053 32              989                     RETI

                     990     

                     991     

                     992     

                     993     

                     994     

                     995     

                     996     

                     997     

0054                 998     INT_TIMER1:

0054 32              999                     RETI

                    1000             

                    1001     

                    1002     

                    1003     

                    1004     

                    1005     

                    1006     

                    1007     

0055                1008     INT_SERIAL:

0055 32             1009                     RETI

                    1010             

                    1011     

                    1012     

                    1013     

                    1014     

                    1015     

                    1016     

                    1017     

0056                1018     INT_I2C_TWI:

0056 32             1019                     RETI

                    1020     

                    1021                     END

A51 MACRO ASSEMBLER  PROJETO00_PADRAO                                                     05/09/2017 16:59:24 PAGE    17

SYMBOL TABLE LISTING
------ ----- -------


N A M E                        T Y P E  V A L U E   ATTRIBUTES

ACC . . . . . . . . . . . . .  D ADDR   00E0H   A   
AUXR. . . . . . . . . . . . .  D ADDR   008EH   A   
AUXR1 . . . . . . . . . . . .  D ADDR   00A2H   A   
B . . . . . . . . . . . . . .  D ADDR   00F0H   A   
BDRCON. . . . . . . . . . . .  D ADDR   009BH   A   
BINARIO_BCD . . . . . . . . .  C ADDR   00E9H   A   
BRL . . . . . . . . . . . . .  D ADDR   009AH   A   
BUSYF . . . . . . . . . . . .  B ADDR   0080H.7 A   
CCAP0H. . . . . . . . . . . .  D ADDR   00FAH   A   
CCAP0L. . . . . . . . . . . .  D ADDR   00EAH   A   
CCAP1H. . . . . . . . . . . .  D ADDR   00FBH   A   
CCAP1L. . . . . . . . . . . .  D ADDR   00EBH   A   
CCAP2H. . . . . . . . . . . .  D ADDR   00FCH   A   
CCAP2L. . . . . . . . . . . .  D ADDR   00ECH   A   
CCAP3H. . . . . . . . . . . .  D ADDR   00FDH   A   
CCAP3L. . . . . . . . . . . .  D ADDR   00EDH   A   
CCAP4H. . . . . . . . . . . .  D ADDR   00FEH   A   
CCAP4L. . . . . . . . . . . .  D ADDR   00EEH   A   
CCAPM0. . . . . . . . . . . .  D ADDR   00DAH   A   
CCAPM1. . . . . . . . . . . .  D ADDR   00DBH   A   
CCAPM2. . . . . . . . . . . .  D ADDR   00DCH   A   
CCAPM3. . . . . . . . . . . .  D ADDR   00DDH   A   
CCAPM4. . . . . . . . . . . .  D ADDR   00DEH   A   
CCF0. . . . . . . . . . . . .  B ADDR   00D8H.0 A   
CCF1. . . . . . . . . . . . .  B ADDR   00D8H.1 A   
CCF2. . . . . . . . . . . . .  B ADDR   00D8H.2 A   
CCF3. . . . . . . . . . . . .  B ADDR   00D8H.3 A   
CCF4. . . . . . . . . . . . .  B ADDR   00D8H.4 A   
CCON. . . . . . . . . . . . .  D ADDR   00D8H   A   
CF. . . . . . . . . . . . . .  B ADDR   00D8H.7 A   
CH. . . . . . . . . . . . . .  D ADDR   00F9H   A   
CHAMA_TIMER_1_MS. . . . . . .  C ADDR   0172H   A   
CHAMA_TIMER_1_S . . . . . . .  C ADDR   017DH   A   
CHAMA_TIMER_200_MS. . . . . .  C ADDR   0176H   A   
CKCON0. . . . . . . . . . . .  D ADDR   008FH   A   
CKCON1. . . . . . . . . . . .  D ADDR   00AFH   A   
CKSEL . . . . . . . . . . . .  D ADDR   0085H   A   
CL. . . . . . . . . . . . . .  D ADDR   00E9H   A   
CLR1L . . . . . . . . . . . .  C ADDR   0048H   A   
CLR1L1. . . . . . . . . . . .  C ADDR   0052H   A   
CLR2L . . . . . . . . . . . .  C ADDR   0061H   A   
CLR2L1. . . . . . . . . . . .  C ADDR   006BH   A   
CMOD. . . . . . . . . . . . .  D ADDR   00D9H   A   
CONTINUA_BINARIO_BCD. . . . .  C ADDR   00F5H   A   
CONTINUA_TIMER_1_MS . . . . .  C ADDR   0145H   A   
CP_RL2. . . . . . . . . . . .  B ADDR   00C8H.0 A   
CR. . . . . . . . . . . . . .  B ADDR   00D8H.6 A   
CUR1. . . . . . . . . . . . .  C ADDR   00BFH   A   
CUR_OFF . . . . . . . . . . .  C ADDR   00BDH   A   
CUR_ON. . . . . . . . . . . .  C ADDR   00B9H   A   
C_T2. . . . . . . . . . . . .  B ADDR   00C8H.1 A   
DISPLAY . . . . . . . . . . .  D ADDR   0080H   A   
DISPLAY_CENTENA . . . . . . .  B ADDR   0090H.2 A   
DISPLAY_DEZENA. . . . . . . .  B ADDR   0090H.1 A   
DISPLAY_UNIDADE . . . . . . .  B ADDR   0090H.0 A   
DPH . . . . . . . . . . . . .  D ADDR   0083H   A   
DPL . . . . . . . . . . . . .  D ADDR   0082H   A   
EA. . . . . . . . . . . . . .  B ADDR   00A8H.7 A   
EC. . . . . . . . . . . . . .  B ADDR   00A8H.6 A   
EECON . . . . . . . . . . . .  D ADDR   00D2H   A   
A51 MACRO ASSEMBLER  PROJETO00_PADRAO                                                     05/09/2017 16:59:24 PAGE    18

EP0INT. . . . . . . . . . . .  B ADDR   00F8H.0 A   
EP1INT. . . . . . . . . . . .  B ADDR   00F8H.1 A   
EP2INT. . . . . . . . . . . .  B ADDR   00F8H.2 A   
EP3INT. . . . . . . . . . . .  B ADDR   00F8H.3 A   
EP4INT. . . . . . . . . . . .  B ADDR   00F8H.4 A   
EP5INT. . . . . . . . . . . .  B ADDR   00F8H.5 A   
EP6INT. . . . . . . . . . . .  B ADDR   00F8H.6 A   
ES. . . . . . . . . . . . . .  B ADDR   00A8H.4 A   
ESCDADO . . . . . . . . . . .  C ADDR   007AH   A   
ESCINST . . . . . . . . . . .  C ADDR   001FH   A   
ESCREVE_ASTERISCO . . . . . .  C ADDR   00C4H   A   
ESC_S . . . . . . . . . . . .  C ADDR   00B2H   A   
ESC_STR1. . . . . . . . . . .  C ADDR   00A8H   A   
ESC_STR2. . . . . . . . . . .  C ADDR   00AEH   A   
ET0 . . . . . . . . . . . . .  B ADDR   00A8H.1 A   
ET1 . . . . . . . . . . . . .  B ADDR   00A8H.3 A   
ET2 . . . . . . . . . . . . .  B ADDR   00A8H.5 A   
EX0 . . . . . . . . . . . . .  B ADDR   00A8H.0 A   
EX1 . . . . . . . . . . . . .  B ADDR   00A8H.2 A   
EXEN2 . . . . . . . . . . . .  B ADDR   00C8H.3 A   
EXF2. . . . . . . . . . . . .  B ADDR   00C8H.6 A   
E_LCD . . . . . . . . . . . .  B ADDR   00A0H.7 A   
FCON. . . . . . . . . . . . .  D ADDR   00D1H   A   
FE_SM0. . . . . . . . . . . .  B ADDR   0098H.7 A   
FINALIZA_TIMER_DELAY. . . . .  C ADDR   0187H   A   
GOTOXY. . . . . . . . . . . .  C ADDR   0036H   A   
GT1 . . . . . . . . . . . . .  C ADDR   003FH   A   
IE0_. . . . . . . . . . . . .  B ADDR   0088H.1 A   
IE1_. . . . . . . . . . . . .  B ADDR   0088H.3 A   
IEN0. . . . . . . . . . . . .  D ADDR   00A8H   A   
IEN1. . . . . . . . . . . . .  D ADDR   00B1H   A   
INIDISP . . . . . . . . . . .  C ADDR   0000H   A   
INT_I2C_TWI . . . . . . . . .  C ADDR   0056H   A   
INT_INT0. . . . . . . . . . .  C ADDR   0051H   A   
INT_INT1. . . . . . . . . . .  C ADDR   0053H   A   
INT_SERIAL. . . . . . . . . .  C ADDR   0055H   A   
INT_TIMER0. . . . . . . . . .  C ADDR   0052H   A   
INT_TIMER1. . . . . . . . . .  C ADDR   0054H   A   
IPH0. . . . . . . . . . . . .  D ADDR   00B7H   A   
IPH1. . . . . . . . . . . . .  D ADDR   00B3H   A   
IPL0. . . . . . . . . . . . .  D ADDR   00B8H   A   
IPL1. . . . . . . . . . . . .  D ADDR   00B2H   A   
IT0 . . . . . . . . . . . . .  B ADDR   0088H.0 A   
IT1 . . . . . . . . . . . . .  B ADDR   0088H.2 A   
KBE . . . . . . . . . . . . .  D ADDR   009DH   A   
KBF . . . . . . . . . . . . .  D ADDR   009EH   A   
KBLS. . . . . . . . . . . . .  D ADDR   009CH   A   
LEDCON. . . . . . . . . . . .  D ADDR   00F1H   A   
MOSTRA_DIGITO_DISPLAY . . . .  C ADDR   00D9H   A   
MSTR1 . . . . . . . . . . . .  C ADDR   009DH   A   
MSTR21. . . . . . . . . . . .  C ADDR   00A7H   A   
MSTRING . . . . . . . . . . .  C ADDR   0093H   A   
MSTRINGX. . . . . . . . . . .  C ADDR   009EH   A   
P0. . . . . . . . . . . . . .  D ADDR   0080H   A   
P0_0. . . . . . . . . . . . .  B ADDR   0080H.0 A   
P0_1. . . . . . . . . . . . .  B ADDR   0080H.1 A   
P0_2. . . . . . . . . . . . .  B ADDR   0080H.2 A   
P0_3. . . . . . . . . . . . .  B ADDR   0080H.3 A   
P0_4. . . . . . . . . . . . .  B ADDR   0080H.4 A   
P0_5. . . . . . . . . . . . .  B ADDR   0080H.5 A   
P0_6. . . . . . . . . . . . .  B ADDR   0080H.6 A   
P0_7. . . . . . . . . . . . .  B ADDR   0080H.7 A   
P1. . . . . . . . . . . . . .  D ADDR   0090H   A   
P1_0. . . . . . . . . . . . .  B ADDR   0090H.0 A   
P1_1. . . . . . . . . . . . .  B ADDR   0090H.1 A   
P1_2. . . . . . . . . . . . .  B ADDR   0090H.2 A   
A51 MACRO ASSEMBLER  PROJETO00_PADRAO                                                     05/09/2017 16:59:24 PAGE    19

P1_3. . . . . . . . . . . . .  B ADDR   0090H.3 A   
P1_4. . . . . . . . . . . . .  B ADDR   0090H.4 A   
P1_5. . . . . . . . . . . . .  B ADDR   0090H.5 A   
P1_6. . . . . . . . . . . . .  B ADDR   0090H.6 A   
P1_7. . . . . . . . . . . . .  B ADDR   0090H.7 A   
P2. . . . . . . . . . . . . .  D ADDR   00A0H   A   
P2_0. . . . . . . . . . . . .  B ADDR   00A0H.0 A   
P2_1. . . . . . . . . . . . .  B ADDR   00A0H.1 A   
P2_2. . . . . . . . . . . . .  B ADDR   00A0H.2 A   
P2_3. . . . . . . . . . . . .  B ADDR   00A0H.3 A   
P2_4. . . . . . . . . . . . .  B ADDR   00A0H.4 A   
P2_5. . . . . . . . . . . . .  B ADDR   00A0H.5 A   
P2_6. . . . . . . . . . . . .  B ADDR   00A0H.6 A   
P2_7. . . . . . . . . . . . .  B ADDR   00A0H.7 A   
P3. . . . . . . . . . . . . .  D ADDR   00B0H   A   
P3_0. . . . . . . . . . . . .  B ADDR   00B0H.0 A   
P3_1. . . . . . . . . . . . .  B ADDR   00B0H.1 A   
P3_2. . . . . . . . . . . . .  B ADDR   00B0H.2 A   
P3_3. . . . . . . . . . . . .  B ADDR   00B0H.3 A   
P3_4. . . . . . . . . . . . .  B ADDR   00B0H.4 A   
P3_5. . . . . . . . . . . . .  B ADDR   00B0H.5 A   
P3_6. . . . . . . . . . . . .  B ADDR   00B0H.6 A   
P3_7. . . . . . . . . . . . .  B ADDR   00B0H.7 A   
P4. . . . . . . . . . . . . .  D ADDR   00C0H   A   
P4_0. . . . . . . . . . . . .  B ADDR   00C0H.0 A   
P4_1. . . . . . . . . . . . .  B ADDR   00C0H.1 A   
PCON. . . . . . . . . . . . .  D ADDR   0087H   A   
PLLCON. . . . . . . . . . . .  D ADDR   00A3H   A   
PLLDIV. . . . . . . . . . . .  D ADDR   00A4H   A   
PORT_DISPLAY. . . . . . . . .  D ADDR   0080H   A   
PPCL. . . . . . . . . . . . .  B ADDR   00B8H.6 A   
PSL . . . . . . . . . . . . .  B ADDR   00B8H.4 A   
PSW . . . . . . . . . . . . .  D ADDR   00D0H   A   
PT0L. . . . . . . . . . . . .  B ADDR   00B8H.1 A   
PT2L. . . . . . . . . . . . .  B ADDR   00B8H.5 A   
PTIL. . . . . . . . . . . . .  B ADDR   00B8H.3 A   
PX0L. . . . . . . . . . . . .  B ADDR   00B8H.0 A   
PXIL. . . . . . . . . . . . .  B ADDR   00B8H.2 A   
QTD_DIGITOS . . . . . . . . .  N NUMB   0100H   A   
RB8 . . . . . . . . . . . . .  B ADDR   0098H.2 A   
RCAP2H. . . . . . . . . . . .  D ADDR   00CBH   A   
RCAP2L. . . . . . . . . . . .  D ADDR   00CAH   A   
RCLK. . . . . . . . . . . . .  B ADDR   00C8H.5 A   
REN . . . . . . . . . . . . .  B ADDR   0098H.4 A   
RI. . . . . . . . . . . . . .  B ADDR   0098H.0 A   
RS. . . . . . . . . . . . . .  B ADDR   00A0H.5 A   
RW. . . . . . . . . . . . . .  B ADDR   00A0H.6 A   
SADDR . . . . . . . . . . . .  D ADDR   00A9H   A   
SADEN . . . . . . . . . . . .  D ADDR   00B9H   A   
SBUF. . . . . . . . . . . . .  D ADDR   0099H   A   
SCON. . . . . . . . . . . . .  D ADDR   0098H   A   
SETA_VALORES_TIMER_SEM_INT. .  C ADDR   0133H   A   
SM1 . . . . . . . . . . . . .  B ADDR   0098H.6 A   
SM2 . . . . . . . . . . . . .  B ADDR   0098H.5 A   
SP. . . . . . . . . . . . . .  D ADDR   0081H   A   
SPCON . . . . . . . . . . . .  D ADDR   00C3H   A   
SPDAT . . . . . . . . . . . .  D ADDR   00C5H   A   
SPSTA . . . . . . . . . . . .  D ADDR   00C4H   A   
SSADR . . . . . . . . . . . .  D ADDR   0096H   A   
SSCON . . . . . . . . . . . .  D ADDR   0093H   A   
SSCS. . . . . . . . . . . . .  D ADDR   0094H   A   
SSDAT . . . . . . . . . . . .  D ADDR   0095H   A   
T2CON . . . . . . . . . . . .  D ADDR   00C8H   A   
T2MOD . . . . . . . . . . . .  D ADDR   00C9H   A   
TAB7SEG . . . . . . . . . . .  C ADDR   00C9H   A   
TB8 . . . . . . . . . . . . .  B ADDR   0098H.3 A   
A51 MACRO ASSEMBLER  PROJETO00_PADRAO                                                     05/09/2017 16:59:24 PAGE    20

TCLK. . . . . . . . . . . . .  B ADDR   00C8H.4 A   
TCON. . . . . . . . . . . . .  D ADDR   0088H   A   
TF0 . . . . . . . . . . . . .  B ADDR   0088H.5 A   
TF1 . . . . . . . . . . . . .  B ADDR   0088H.7 A   
TF2 . . . . . . . . . . . . .  B ADDR   00C8H.7 A   
TH0 . . . . . . . . . . . . .  D ADDR   008CH   A   
TH1 . . . . . . . . . . . . .  D ADDR   008DH   A   
TH2 . . . . . . . . . . . . .  D ADDR   00CDH   A   
TI. . . . . . . . . . . . . .  B ADDR   0098H.1 A   
TIMER_CONFIGURA_TIMER_SEM_INT  C ADDR   012EH   A   
TIMER_DELAY . . . . . . . . .  C ADDR   0163H   A   
TIMER_DELAY_10_US . . . . . .  C ADDR   0138H   A   
TIMER_DELAY_1_MS. . . . . . .  C ADDR   013DH   A   
TIMER_DELAY_1_S . . . . . . .  C ADDR   015CH   A   
TIMER_DELAY_200_MS. . . . . .  C ADDR   0155H   A   
TL0 . . . . . . . . . . . . .  D ADDR   008AH   A   
TL1 . . . . . . . . . . . . .  D ADDR   008BH   A   
TL2 . . . . . . . . . . . . .  D ADDR   00CCH   A   
TMOD. . . . . . . . . . . . .  D ADDR   0089H   A   
TR0 . . . . . . . . . . . . .  B ADDR   0088H.4 A   
TR1 . . . . . . . . . . . . .  B ADDR   0088H.6 A   
TR2 . . . . . . . . . . . . .  B ADDR   00C8H.2 A   
UBYCTHX . . . . . . . . . . .  D ADDR   00E3H   A   
UBYCTLX . . . . . . . . . . .  D ADDR   00E2H   A   
UDPADDH . . . . . . . . . . .  D ADDR   00D7H   A   
UDPADDL . . . . . . . . . . .  D ADDR   00D6H   A   
UEPCONX . . . . . . . . . . .  D ADDR   00D4H   A   
UEPDATX . . . . . . . . . . .  D ADDR   00CFH   A   
UEPIEN. . . . . . . . . . . .  D ADDR   00C2H   A   
UEPINT. . . . . . . . . . . .  D ADDR   00F8H   A   
UEPNUM. . . . . . . . . . . .  D ADDR   00C7H   A   
UEPRST. . . . . . . . . . . .  D ADDR   00D5H   A   
UEPSTAX . . . . . . . . . . .  D ADDR   00CEH   A   
UFNUMH. . . . . . . . . . . .  D ADDR   00BBH   A   
UFNUML. . . . . . . . . . . .  D ADDR   00BAH   A   
USBADDR . . . . . . . . . . .  D ADDR   00C6H   A   
USBCON. . . . . . . . . . . .  D ADDR   00BCH   A   
USBIEN. . . . . . . . . . . .  D ADDR   00BEH   A   
USBINT. . . . . . . . . . . .  D ADDR   00BDH   A   
VERIFICA_R0 . . . . . . . . .  C ADDR   016DH   A   
VERIFICA_R1 . . . . . . . . .  C ADDR   016AH   A   
WDTPRG. . . . . . . . . . . .  D ADDR   00A7H   A   
WDTRST. . . . . . . . . . . .  D ADDR   00A6H   A   
__STARTUP__ . . . . . . . . .  C ADDR   0046H   A   


REGISTER BANK(S) USED: 0 


ASSEMBLY COMPLETE.  0 WARNING(S), 0 ERROR(S)
