A51 MACRO ASSEMBLER  TIMERS_AND_COUNTERS                                                  03/22/2017 20:18:39 PAGE     1


MACRO ASSEMBLER A51 V8.2.5.0
OBJECT MODULE PLACED IN .\Objects\timers_and_counters.obj
ASSEMBLER INVOKED BY: C:\Keil_v5\C51\BIN\A51.EXE timers_and_counters.a51 SET(SMALL) DEBUG PRINT(.\Listings\timers_and_co
                      unters.lst) OBJECT(.\Objects\timers_and_counters.obj) EP

LOC  OBJ            LINE     SOURCE

                       1     

                       2     

                       3     

                       4     

                       5     

                       6     

                       7     

                       8     

                       9     

0000                  10     timer_configura_timer:

0000 758901           11             mov TMOD, #01h  

                      12             

0003                  13     timer_delay_1_s:

0003 7801             14             mov R0, #01h  

                      15             

                      16     

                      17     

                      18     

                      19     

                      20     

                      21     

                      22     

0005                  23     TIMER_DELAY_50_MS:

0005 758C3C           24             mov TH0, #HIGH(65535 - 49987)    

0008 758ABC           25             mov TL0, #LOW(65535 - 49987)     

                      26             

000B C28D             27             clr TF0

000D D28C             28             setb TR0

                      29             

000F 308DFD           30             jnb TF0, $

                      31                     

0012 C28D             32             clr TF0

0014 C28C             33             clr TR0

                      34             

0016 D8ED             35             djnz R0, TIMER_DELAY_50_MS

                      36     

                      37     end

A51 MACRO ASSEMBLER  TIMERS_AND_COUNTERS                                                  03/22/2017 20:18:39 PAGE     2

SYMBOL TABLE LISTING
------ ----- -------


N A M E                T Y P E  V A L U E   ATTRIBUTES

TF0 . . . . . . . . .  B ADDR   0088H.5 A   
TH0 . . . . . . . . .  D ADDR   008CH   A   
TIMER_CONFIGURA_TIMER  C ADDR   0000H   A   
TIMER_DELAY_1_S . . .  C ADDR   0003H   A   
TIMER_DELAY_50_MS . .  C ADDR   0005H   A   
TL0 . . . . . . . . .  D ADDR   008AH   A   
TMOD. . . . . . . . .  D ADDR   0089H   A   
TR0 . . . . . . . . .  B ADDR   0088H.4 A   


REGISTER BANK(S) USED: 0 


ASSEMBLY COMPLETE.  0 WARNING(S), 0 ERROR(S)
