A51 MACRO ASSEMBLER  PROJETO_01_FECHADURA                                                 04/07/2017 15:04:37 PAGE     1


MACRO ASSEMBLER A51 V8.2.5.0
OBJECT MODULE PLACED IN .\Objects\Projeto_01_Fechadura.obj
ASSEMBLER INVOKED BY: C:\Keil_v5\C51\BIN\A51.EXE Projeto_01_Fechadura.a51 SET(SMALL) DEBUG PRINT(.\Listings\Projeto_01_F
                      echadura.lst) OBJECT(.\Objects\Projeto_01_Fechadura.obj) EP

LOC  OBJ            LINE     SOURCE

                       1     

                       2     

                       3     

                       4     

                       5     

                       6     

                       7     

                       8     

                       9     

                      10     

                      11     

                      12     

                      13     

                      14     

                      15     

                      16     

0000                  17     org 00h 

0000 0200EC           18     ljmp __STARTUP__

                      19     

0003                  20     org 03h 

0003 0203F9           21     ljmp INT_INT0

                      22     

000B                  23     org 0Bh 

000B 0203FA           24     ljmp INT_TIMER0

                      25     

0013                  26     org 013h 

0013 0203FB           27     ljmp INT_INT1

                      28     

001B                  29     org 01Bh 

001B 0203FC           30     ljmp INT_TIMER1

                      31     

0023                  32     org 023h 

0023 02041E           33     ljmp INT_SERIAL

                      34     

                      35     

                      36     

                      37     

                      38     

                      39     

  00A5                40     RS                              EQU     P2.5                     

  00A6                41     RW                              EQU     P2.6                     

  00A7                42     E_LCD                   EQU     P2.7                     

                      43     

  0087                44     BUSYF                   EQU     P0.7                     

                      45     

                      46     

  00B6                47     LED_SEG                 EQU     P3.6

  00B7                48     LED1                    EQU     P3.7

                      49             

                      50     

  0090                51     TECLADO                 EQU     P1

                      52     

  0090                53     COL1                    EQU P1.0

  0091                54     COL2                    EQU P1.1

  0092                55     COL3                    EQU P1.2

  0093                56     COL4                    EQU P1.3

                      57     

A51 MACRO ASSEMBLER  PROJETO_01_FECHADURA                                                 04/07/2017 15:04:37 PAGE     2

  0094                58     LIN1                    EQU P1.4

  0095                59     LIN2                    EQU P1.5

  0096                60     LIN3                    EQU P1.6

  0097                61     LIN4                    EQU P1.7

                      62             

                      63     

  00B0                64     BUZZER                  EQU P3.0        

                      65     

                      66     

  00B1                67     ESTADO_UM               EQU P3.1

  00B2                68     ESTADO_DOIS     EQU P3.2

  00B3                69     ESTADO_TRES     EQU P3.3

  00B4                70     ESTADO_QUATRO   EQU P3.4

                      71             

                      72     

  0031                73     TECLADO_1               EQU 31h

  0032                74     TECLADO_2               EQU 32h

  0033                75     TECLADO_3               EQU 33h

  0034                76     TECLADO_4               EQU 34h

                      77     

                      78     

  0035                79     SENHA1_1                EQU 35h

  0036                80     SENHA1_2                EQU 36h

  0037                81     SENHA1_3                EQU 37h

  0038                82     SENHA1_4                EQU 38h

                      83     

  0045                84     SENHA2_1                EQU 45h

  0046                85     SENHA2_2                EQU 46h

  0047                86     SENHA2_3                EQU 47h

  0048                87     SENHA2_4                EQU 48h

                      88     

  0050                89     TENTATIVAS      EQU 50h

                      90             

  0051                91     TIMEOUT_LOW             EQU     51h

  0052                92     TIMEOUT_HIGH    EQU     52h

  0053                93     TIMEOUT_X1S             EQU     53h

                      94                     

                      95     

                      96     

                      97     

                      98     

0030                  99     org 30h 

0030                 100     SENHA_PADRAO_1:

0030 32383132        101                     db      '2812', 00H

0034 00                      
0035                 102     SENHA_PADRAO_2:

0035 30393132        103                     db      '0912', 00H

0039 00                      
003A                 104     STR_LOGO:

003A 2050524F        105             DB      ' PROFS. LINDOS! ',00H

003E 46532E20                
0042 4C494E44                
0046 4F532120                
004A 00                      
004B                 106     STR_LEONARDO_PEREIRA:

004B 4C656F6E        107             DB      'Leonardo Pereira',00H

004F 6172646F                
0053 20506572                
0057 65697261                
005B 00                      
005C                 108     STR_RODRIGO_ENDO:

005C 2020526F        109             DB      '  Rodrigo Endo  ',00H

0060 64726967                
0064 6F20456E                
0068 646F2020                
006C 00                      
A51 MACRO ASSEMBLER  PROJETO_01_FECHADURA                                                 04/07/2017 15:04:37 PAGE     3

006D                 110     STR_SENHA:

006D 53454E48        111             DB      'SENHA: ',00H

0071 413A2000                
0075                 112     STR_PRESSIONE_ENTER:

0075 50524553        113             DB      'PRESSIONE ENTER ',00H

0079 53494F4E                
007D 4520454E                
0081 54455220                
0085 00                      
0086                 114     STR_SENHA_VALIDA:

0086 20205345        115             DB      '  SENHA VALIDA  ',00H

008A 4E484120                
008E 56414C49                
0092 44412020                
0096 00                      
0097                 116     STR_SENHA_INVALIDA:

0097 2053454E        117             DB      ' SENHA INVALIDA ',00H

009B 48412049                
009F 4E56414C                
00A3 49444120                
00A7 00                      
00A8                 118     STR_LIBERANDO_PORTA:

00A8 4C494245        119             DB      'LIBERANDO PORTA ',00H

00AC 52414E44                
00B0 4F20504F                
00B4 52544120                
00B8 00                      
00B9                 120     STR_TRANCANDO_PORTA:

00B9 5452414E        121             DB      'TRANCANDO PORTA ',00H          

00BD 43414E44                
00C1 4F20504F                
00C5 52544120                
00C9 00                      
00CA                 122     STR_SISTEMA_BLOQUEADO:

00CA 504F5254        123             DB      'PORTA BLOQUEADA ',00H

00CE 4120424C                
00D2 4F515545                
00D6 41444120                
00DA 00                      
00DB                 124     STR_TIMEOUT:

00DB 20202020        125             DB      '    TIMEOUT     ',00H                  

00DF 54494D45                
00E3 4F555420                
00E7 20202020                
00EB 00                      
                     126                     

                     127     

                     128     

                     129     

                     130     

00EC                 131     __STARTUP__:

00EC 71C3            132                     CALL    TIMER_CONFIGURA_TIMER

00EE 71F2            133                     CALL    INT_CONFIGURA_INTERRUPCOES

                     134                     

00F0 780F            135                     MOV     R0, #0Fh                 

00F2 12029C          136                     LCALL   ACIONA_BUZZER

                     137     

00F5 900030          138                     MOV     DPTR, #SENHA_PADRAO_1    

00F8 7800            139                     MOV     R0, #00h                         

00FA 7935            140                     MOV     R1, #SENHA1_1                    

00FC 7A04            141                     MOV     R2, #04h                                 

00FE 3166            142                     CALL    LE_SENHA

                     143             

0100 900035          144                     MOV     DPTR, #SENHA_PADRAO_2    

0103 7800            145                     MOV     R0, #00h                                 

0105 7945            146                     MOV     R1, #SENHA2_1                    

A51 MACRO ASSEMBLER  PROJETO_01_FECHADURA                                                 04/07/2017 15:04:37 PAGE     4

0107 7A04            147                     MOV     R2, #04h                                 

0109 3166            148                     CALL    LE_SENHA

                     149             

010B 755003          150                     MOV     TENTATIVAS, #3h  

                     151             

010E                 152     MAIN:

010E 51FF            153                     CALL    INIDISP                  

0110 90003A          154                     MOV     DPTR,#STR_LOGO   

0113 71A7            155                     CALL    ESC_STR1                 

                     156                     

                     157                     

0115 7901            158                     MOV             R1, #01h

0117 71EB            159                     CALL    TIMER_DELAY_1_S

                     160                     

0119 7147            161                     CALL    CLR1L    

                     162                     

011B 90004B          163                     MOV     DPTR, #STR_LEONARDO_PEREIRA      

011E 71A7            164                     CALL    ESC_STR1                                         

                     165                     

0120 90005C          166                     MOV     DPTR, #STR_RODRIGO_ENDO          

0123 71AD            167                     CALL    ESC_STR2                                         

                     168                     

                     169                     

0125 7901            170                     MOV             R1, #01h

0127 71EB            171                     CALL    TIMER_DELAY_1_S

                     172     

0129                 173     LIMPA_LCD_E_INICIA_SISTEMA:

                     174                     

0129 7147            175                     CALL    CLR1L

012B 7160            176                     CALL    CLR2L

                     177                     

                     178                     

012D 900075          179                     MOV     DPTR,#STR_PRESSIONE_ENTER        

0130 71A7            180                     CALL    ESC_STR1                                         

                     181                     

0132 3182            182                     ACALL   PRESS_ENT                

                     183                     

0134 7805            184                     MOV     R0, #05h

0136 12029C          185                     LCALL   ACIONA_BUZZER

                     186     

0139                 187     LIMPA_LCD_E_REINICIA_SISTEMA:

0139 71D3            188                     CALL    CONFIGURA_VALORES_TIMER_1  

013B D28E            189                     SETB    TR1      

                     190     

013D                 191     LIMPA_LCD_E_PEDE_SENHA:

                     192                     

013D 7147            193                     CALL    CLR1L

013F 7160            194                     CALL    CLR2L

                     195                     

                     196                     

0141 90006D          197                     MOV     DPTR,#STR_SENHA  

0144 71A7            198                     CALL    ESC_STR1                 

                     199                     

                     200                     

0146 7800            201                     MOV     R0, #00h         

0148 7907            202                     MOV     R1, #07h         

014A 7135            203                     CALL    GOTOXY

                     204                     

014C 7931            205                     MOV     R1, #TECLADO_1   

014E 7B01            206                     MOV     R3, #1h                  

0150 7F04            207                     MOV     R7, #04h                 

0152                 208     LE_4_DIGITOS:

0152 780A            209                     MOV     R0, #0Ah                 

0154 71DD            210                     ACALL   TIMER_DELAY_20_MS

                     211                     

0156 31A4            212                     ACALL   VARREDURA_TECLADO        

A51 MACRO ASSEMBLER  PROJETO_01_FECHADURA                                                 04/07/2017 15:04:37 PAGE     5

0158 3178            213                     CALL    ESCREVE_ASTERISCO        

                     214                     

015A 09              215                     INC R1   

015B 0B              216                     INC R3  

                     217                     

015C DFF4            218                     DJNZ R7, LE_4_DIGITOS  

                     219                     

                     220                     

015E 780A            221                     MOV     R0, #0Ah                 

0160 71DD            222                     ACALL   TIMER_DELAY_20_MS

                     223                     

0162 318B            224                     ACALL   PRESS_ENT_OU_CLR                 

                     225                     

0164 80C3            226                     JMP             LIMPA_LCD_E_INICIA_SISTEMA

                     227     

                     228     

                     229     

                     230     

                     231     

                     232     

                     233     

                     234     

                     235     

                     236     

                     237     

0166                 238     LE_SENHA:

0166 316C            239                     CALL    LE_SENHA_ROM

                     240             

0168 09              241                     INC     R1

                     242             

0169 DAFB            243                     DJNZ    R2, LE_SENHA

                     244             

016B 22              245                     RET

                     246     

016C                 247     LE_SENHA_ROM:

016C E8              248                     MOV     A, R0

016D 93              249                     MOVC    A, @A + DPTR

016E F7              250                     MOV             @R1, A

                     251             

016F 08              252                     INC             R0

                     253             

0170 3173            254                     CALL    CONV_ASCII_TO_NUMBER

                     255             

0172 22              256                     RET

                     257             

                     258     

                     259     

                     260     

                     261     

                     262     

                     263     

                     264     

                     265     

0173                 266     CONV_ASCII_TO_NUMBER:

0173 E7              267                     MOV     A, @R1

                     268             

0174 24D0            269                     ADD     A, #-30h

                     270             

0176 F7              271                     MOV     @R1, A

                     272             

0177 22              273                     RET

                     274             

                     275     

                     276     

                     277     

                     278     

A51 MACRO ASSEMBLER  PROJETO_01_FECHADURA                                                 04/07/2017 15:04:37 PAGE     6

                     279     

                     280     

                     281     

0178                 282     ESCREVE_ASTERISCO:              

0178 7805            283                     MOV     R0, #05h

017A 12029C          284                     LCALL   ACIONA_BUZZER

                     285                     

017D 742A            286                     MOV     A, #2Ah  

017F 7179            287                     CALL    ESCDADO

                     288             

0181 22              289                     RET

                     290     

                     291     

                     292     

                     293     

                     294     

                     295     

                     296     

                     297     

                     298     

0182                 299     PRESS_ENT:

                     300                     

0182 75907F          301                     MOV             TECLADO, #01111111b

                     302                     

0185                 303     VARRE_ENT:

0185 309302          304                     JNB     COL4, CONTINUA_PROG      

                     305                     

0188 80FB            306                     JMP     VARRE_ENT

018A                 307     CONTINUA_PROG:

018A 22              308                     RET

                     309                     

                     310     

                     311     

                     312     

                     313     

                     314     

                     315     

                     316     

                     317     

018B                 318     PRESS_ENT_OU_CLR:

                     319                     

018B 75907F          320                     MOV             TECLADO, #01111111b

                     321                     

018E                 322     VARRE_ENT_OU_CLR:

018E 309108          323                     JNB     COL2, CLEAR                      

0191 30937D          324                     JNB     COL4, TESTA_SENHA1       

                     325                     

0194 308E47          326                     JNB             TR1, FINALIZA_VARREDURA_POR_TIMEOUT

                     327                     

0197 80F5            328                     JMP     VARRE_ENT_OU_CLR

                     329     

                     330     

                     331     

                     332     

                     333     

                     334     

                     335     

                     336     

                     337     

                     338     

0199                 339     CLEAR: 

0199 7805            340                     MOV     R0, #05h

019B 12029C          341                     LCALL   ACIONA_BUZZER

                     342                     

019E D0E0            343                     POP             ACC

01A0 D0E0            344                     POP             ACC

A51 MACRO ASSEMBLER  PROJETO_01_FECHADURA                                                 04/07/2017 15:04:37 PAGE     7

01A2 8099            345                     JMP     LIMPA_LCD_E_PEDE_SENHA

                     346                     

                     347     

                     348     

                     349     

                     350     

                     351     

                     352     

                     353     

01A4                 354     VARREDURA_TECLADO:

01A4 C294            355                     CLR     LIN1

01A6 D295            356                     SETB    LIN2

01A8 D296            357                     SETB    LIN3

01AA D297            358                     SETB    LIN4

01AC 309135          359                     JNB     COL2, DIGITO1

01AF 309236          360                     JNB     COL3, DIGITO2

01B2 309337          361                     JNB     COL4, DIGITO3

                     362                     

01B5 C295            363                     CLR     LIN2

01B7 D294            364                     SETB    LIN1

01B9 309134          365                     JNB     COL2, DIGITO4

01BC 309235          366                     JNB     COL3, DIGITO5

01BF 309336          367                     JNB     COL4, DIGITO6

                     368                     

01C2 C296            369                     CLR     LIN3

01C4 D295            370                     SETB    LIN2

01C6 309133          371                     JNB     COL2, DIGITO7

01C9 309234          372                     JNB     COL3, DIGITO8

01CC 309335          373                     JNB     COL4, DIGITO9

                     374                     

01CF C297            375                     CLR     LIN4

01D1 D296            376                     SETB    LIN3

01D3 3091C3          377                     JNB     COL2, CLEAR

01D6 30922F          378                     JNB     COL3, DIGITO0

                     379                     

01D9 308E02          380                     JNB             TR1, FINALIZA_VARREDURA_POR_TIMEOUT

                     381                     

01DC 80C6            382                     JMP     VARREDURA_TECLADO

                     383     

01DE                 384     FINALIZA_VARREDURA_POR_TIMEOUT:

01DE 51F1            385                     CALL    ESCREVE_TIMEOUT

                     386     

01E0 D0E0            387                     POP             ACC

01E2 2129            388                     JMP             LIMPA_LCD_E_INICIA_SISTEMA

                     389                     

                     390     

                     391     

                     392     

                     393     

                     394     

                     395     

                     396     

                     397     

01E4 7401            398     DIGITO1: MOV A, #1h

01E6 410C            399                      AJMP GRAVA_DIGITO

01E8 7402            400     DIGITO2: MOV A, #2h

01EA 410C            401                      AJMP GRAVA_DIGITO

01EC 7403            402     DIGITO3: MOV A, #3h

01EE 410C            403                      AJMP GRAVA_DIGITO

01F0 7404            404     DIGITO4: MOV A, #4h

01F2 410C            405                      AJMP GRAVA_DIGITO

01F4 7405            406     DIGITO5: MOV A, #5h

01F6 410C            407                      AJMP GRAVA_DIGITO

01F8 7406            408     DIGITO6: MOV A, #6h

01FA 410C            409                      AJMP GRAVA_DIGITO

01FC 7407            410     DIGITO7: MOV A, #7h

A51 MACRO ASSEMBLER  PROJETO_01_FECHADURA                                                 04/07/2017 15:04:37 PAGE     8

01FE 410C            411                      AJMP GRAVA_DIGITO

0200 7408            412     DIGITO8: MOV A, #8h

0202 410C            413                      AJMP GRAVA_DIGITO

0204 7409            414     DIGITO9: MOV A, #9h

0206 410C            415                      AJMP GRAVA_DIGITO

0208 7400            416     DIGITO0: MOV A, #0h

020A 410C            417                      AJMP GRAVA_DIGITO

                     418                      

020C                 419     GRAVA_DIGITO:

020C BB0135          420                     CJNE R3, #1h, GRAVA_TECLADO_2

020F F7              421                     MOV @R1, A

                     422             

0210 22              423                     RET

                     424     

                     425     

                     426     

                     427     

                     428     

                     429     

                     430     

                     431     

                     432     

0211                 433     TESTA_SENHA1:

0211 7805            434                     MOV     R0, #05h

0213 12029C          435                     LCALL   ACIONA_BUZZER

                     436                      

0216 C28E            437                     CLR             TR1  

                     438                     

0218 E535            439                     MOV             A, SENHA1_1

021A B53111          440                     CJNE    A, TECLADO_1, TESTA_SENHA2

021D E536            441                     MOV             A, SENHA1_2

021F B5320C          442                     CJNE    A, TECLADO_2, TESTA_SENHA2

0222 E537            443                     MOV             A, SENHA1_3

0224 B53307          444                     CJNE    A, TECLADO_3, TESTA_SENHA2

0227 E538            445                     MOV             A, SENHA1_4

0229 B53402          446                     CJNE    A, TECLADO_4, TESTA_SENHA2

022C 8041            447                     JMP     LIMPA_LCD_E_MOSTRA_SENHA_VALIDA

                     448             

022E                 449     TESTA_SENHA2:

022E E545            450                     MOV             A, SENHA2_1

0230 B5311D          451                     CJNE    A, TECLADO_1, LIMPA_LCD_E_MOSTRA_SENHA_INVALIDA

0233 E546            452                     MOV             A, SENHA2_2

0235 B53218          453                     CJNE    A, TECLADO_2, LIMPA_LCD_E_MOSTRA_SENHA_INVALIDA

0238 E547            454                     MOV             A, SENHA2_3

023A B53313          455                     CJNE    A, TECLADO_3, LIMPA_LCD_E_MOSTRA_SENHA_INVALIDA

023D E548            456                     MOV             A, SENHA2_4

023F B5340E          457                     CJNE    A, TECLADO_4, LIMPA_LCD_E_MOSTRA_SENHA_INVALIDA

0242 802B            458                     JMP     LIMPA_LCD_E_MOSTRA_SENHA_VALIDA

                     459                     

                     460     

                     461     

                     462     

                     463     

                     464     

                     465     

                     466     

0244 BB0202          467     GRAVA_TECLADO_2: CJNE R3, #2h, GRAVA_TECLADO_3

0247 414E            468                                      AJMP GRAVA_TECLADO_X

0249 BB0300          469     GRAVA_TECLADO_3: CJNE R3, #3h, GRAVA_TECLADO_4

024C 414E            470     GRAVA_TECLADO_4: AJMP GRAVA_TECLADO_X           

                     471     

024E                 472     GRAVA_TECLADO_X:

024E F7              473                      MOV @R1, A

                     474                      

024F 22              475                      RET

                     476                      

A51 MACRO ASSEMBLER  PROJETO_01_FECHADURA                                                 04/07/2017 15:04:37 PAGE     9

0250                 477     LIMPA_LCD_E_MOSTRA_SENHA_INVALIDA:

                     478                     

0250 7147            479                     CALL    CLR1L

0252 7160            480                     CALL    CLR2L

                     481                     

0254 900097          482                     MOV     DPTR,#STR_SENHA_INVALIDA         

0257 71A7            483                     CALL    ESC_STR1                                         

                     484                     

                     485                     

0259 7864            486                     MOV     R0, #064h

025B 12029C          487                     LCALL   ACIONA_BUZZER

                     488                     

                     489                     

025E 7901            490                     MOV             R1, #01h

0260 71EB            491                     CALL    TIMER_DELAY_1_S

                     492                     

0262 D55009          493                     DJNZ    TENTATIVAS, REINICIA_SISTEMA

                     494                     

0265 7147            495                     CALL    CLR1L

0267 9000CA          496                     MOV     DPTR,#STR_SISTEMA_BLOQUEADO      

026A 71A7            497                     CALL    ESC_STR1                                         

                     498                     

026C 811F            499                     JMP     FIM

                     500     

026E                 501     REINICIA_SISTEMA:

026E 22              502                     RET

                     503                     

026F                 504     LIMPA_LCD_E_MOSTRA_SENHA_VALIDA:

026F 755003          505                     MOV     TENTATIVAS, #3h  

                     506                     

                     507                     

0272 7147            508                     CALL    CLR1L

0274 7160            509                     CALL    CLR2L

                     510                     

0276 900086          511                     MOV     DPTR,#STR_SENHA_VALIDA   

0279 71A7            512                     CALL    ESC_STR1                                 

                     513                     

                     514                     

027B 7832            515                     MOV     R0, #032h

027D 12029C          516                     LCALL   ACIONA_BUZZER

                     517                     

0280 9000A8          518                     MOV     DPTR, #STR_LIBERANDO_PORTA       

0283 71AD            519                     CALL    ESC_STR2                                         

                     520                     

                     521                     

0285 7D0D            522                     MOV     R5, #0Dh

0287 1202A3          523                     LCALL   ABRE_FECHADURA

                     524                     

                     525                     

028A 7903            526                     MOV             R1, #03h

028C 71EB            527                     CALL    TIMER_DELAY_1_S

                     528                     

028E 7160            529                     CALL    CLR2L                                            

0290 9000B9          530                     MOV     DPTR, #STR_TRANCANDO_PORTA       

0293 71AD            531                     CALL    ESC_STR2                                         

                     532                     

                     533                     

0295 7D0D            534                     MOV     R5, #0Dh

0297 1202CA          535                     LCALL   TRANCA_FECHADURA

                     536                     

029A 2129            537                     JMP             LIMPA_LCD_E_INICIA_SISTEMA      

                     538                     

                     539                     

                     540                      

                     541     

                     542     

A51 MACRO ASSEMBLER  PROJETO_01_FECHADURA                                                 04/07/2017 15:04:37 PAGE    10

                     543     

                     544     

029C                 545     ACIONA_BUZZER:

029C D2B0            546                     SETB    BUZZER

029E 71DD            547                     ACALL   TIMER_DELAY_20_MS

02A0 C2B0            548                     CLR     BUZZER

                     549                     

02A2 22              550                     RET

                     551                     

                     552     

                     553     

                     554     

02A3                 555     ABRE_FECHADURA:

02A3 D2B1            556                     SETB    ESTADO_UM

02A5 C2B2            557                     CLR             ESTADO_DOIS

02A7 C2B3            558                     CLR             ESTADO_TRES

02A9 C2B4            559                     CLR             ESTADO_QUATRO

                     560                     

02AB 7805            561                     MOV     R0, #05h

02AD 71DD            562                     ACALL   TIMER_DELAY_20_MS

                     563                     

02AF C2B1            564                     CLR             ESTADO_UM

02B1 D2B2            565                     SETB    ESTADO_DOIS

                     566                     

02B3 7805            567                     MOV     R0, #05h

02B5 71DD            568                     ACALL   TIMER_DELAY_20_MS

                     569                     

02B7 C2B2            570                     CLR             ESTADO_DOIS

02B9 D2B3            571                     SETB    ESTADO_TRES

                     572                     

02BB 7805            573                     MOV     R0, #05h

02BD 71DD            574                     ACALL   TIMER_DELAY_20_MS

                     575                     

02BF C2B3            576                     CLR             ESTADO_TRES

02C1 D2B4            577                     SETB    ESTADO_QUATRO

                     578                     

02C3 7805            579                     MOV     R0, #05h

02C5 71DD            580                     ACALL   TIMER_DELAY_20_MS

                     581                     

02C7 DDDA            582                     DJNZ    R5, ABRE_FECHADURA

                     583                     

02C9 22              584                     RET

                     585                     

02CA                 586     TRANCA_FECHADURA:

02CA C2B1            587                     CLR             ESTADO_UM

02CC C2B2            588                     CLR             ESTADO_DOIS

02CE C2B3            589                     CLR             ESTADO_TRES

02D0 D2B4            590                     SETB    ESTADO_QUATRO

                     591                     

02D2 7801            592                     MOV     R0, #01h

02D4 71DD            593                     ACALL   TIMER_DELAY_20_MS

                     594                     

02D6 D2B3            595                     SETB    ESTADO_TRES

02D8 C2B4            596                     CLR             ESTADO_QUATRO

                     597                     

02DA 7801            598                     MOV     R0, #01h

02DC 71DD            599                     ACALL   TIMER_DELAY_20_MS

                     600                     

02DE D2B2            601                     SETB    ESTADO_DOIS

02E0 C2B3            602                     CLR             ESTADO_TRES

                     603                     

02E2 7801            604                     MOV     R0, #01h

02E4 71DD            605                     ACALL   TIMER_DELAY_20_MS

                     606                     

02E6 D2B1            607                     SETB    ESTADO_UM

02E8 C2B2            608                     CLR             ESTADO_DOIS

A51 MACRO ASSEMBLER  PROJETO_01_FECHADURA                                                 04/07/2017 15:04:37 PAGE    11

                     609                     

02EA 7801            610                     MOV     R0, #01h

02EC 71DD            611                     ACALL   TIMER_DELAY_20_MS

                     612                     

02EE DDDA            613                     DJNZ    R5, TRANCA_FECHADURA

                     614     

02F0 22              615                     RET

                     616                     

                     617     

                     618     

                     619     

02F1                 620     ESCREVE_TIMEOUT:

02F1 7147            621                     CALL    CLR1L

02F3 7160            622                     CALL    CLR2L

                     623                     

                     624                     

02F5 9000DB          625                     MOV     DPTR,#STR_TIMEOUT        

02F8 71A7            626                     CALL    ESC_STR1                         

                     627                     

                     628                     

02FA 7902            629                     MOV             R1, #02h

02FC 71EB            630                     CALL    TIMER_DELAY_1_S

                     631                     

02FE 22              632                     RET

                     633                     

                     634     

                     635     

                     636     

                     637             

                     638     

                     639     

                     640     

                     641     

                     642     

                     643     

                     644     

                     645     

                     646     

02FF                 647     INIDISP:                       

02FF 7838            648             MOV     R0,#38H          

0301 7A05            649             MOV     R2,#05           

0303 711E            650             CALL    ESCINST          

                     651             

0305 7838            652                     MOV     R0,#38H          

0307 7A01            653             MOV     R2,#01           

0309 711E            654             CALL    ESCINST          

                     655             

030B 7806            656                     MOV     R0,#06H          

030D 7A01            657             MOV     R2,#01           

030F 711E            658             CALL    ESCINST          

                     659             

0311 780C            660                     MOV     R0,#0CH          

0313 7A01            661             MOV     R2,#01           

0315 711E            662             CALL    ESCINST          

                     663             

0317 7801            664                     MOV     R0,#01H          

0319 7A02            665             MOV     R2,#02           

031B 711E            666             CALL    ESCINST          

                     667             

031D 22              668                     RET

                     669                     

                     670     

                     671     

                     672     

                     673     

                     674     

A51 MACRO ASSEMBLER  PROJETO_01_FECHADURA                                                 04/07/2017 15:04:37 PAGE    12

                     675     

                     676     

                     677     

                     678     

031E                 679     ESCINST:  

031E C2A6            680                     CLR             RW                               

0320 C2A5            681                     CLR     RS               

0322 D2A7            682                     SETB    E_LCD            

                     683                     

0324 8880            684                     MOV     P0,R0            

                     685                     

0326 C2A7            686                     CLR     E_LCD            

                     687                     

0328 7580FF          688                     MOV             P0,#0xFF                 

                     689                     

032B D2A6            690                     SETB    RW                               

032D D2A7            691                     SETB    E_LCD            

                     692     

032F 2087FD          693     ESCI1:  JB      BUSYF,ESCI1                      

                     694                     

0332 C2A7            695                     CLR     E_LCD            

                     696             

0334 22              697                     RET

                     698                     

                     699     

                     700     

                     701     

                     702     

                     703     

                     704     

                     705     

                     706     

0335                 707     GOTOXY: 

0335 C0E0            708                     PUSH    ACC

                     709             

0337 7480            710                     MOV     A,#80H

0339 B80102          711             CJNE    R0,#01,GT1       

                     712             

033C 74C0            713                     MOV     A,#0C0H

                     714                     

033E 49              715     GT1:    ORL     A,R1             

033F F8              716             MOV     R0,A

0340 7A01            717             MOV     R2,#01           

                     718             

0342 711E            719                     CALL    ESCINST          

                     720             

0344 D0E0            721                     POP     ACC

                     722             

0346 22              723                     RET

                     724             

                     725     

                     726     

                     727     

                     728     

                     729     

                     730     

                     731     

                     732     

0347                 733     CLR1L:    

0347 C0E0            734             PUSH   ACC

                     735             

0349 7800            736                     MOV    R0,#00               

034B 7900            737             MOV    R1,#00

                     738             

034D 7135            739                     CALL   GOTOXY

                     740             

A51 MACRO ASSEMBLER  PROJETO_01_FECHADURA                                                 04/07/2017 15:04:37 PAGE    13

034F 7910            741                     MOV    R1,#16               

                     742     

0351 7420            743     CLR1L1: MOV    A,#' '               

                     744             

0353 7179            745                     CALL   ESCDADO

                     746             

0355 D9FA            747                     DJNZ   R1,CLR1L1

0357 7800            748             MOV    R0,#00               

0359 7900            749             MOV    R1,#00

                     750             

035B 7135            751                     CALL   GOTOXY

                     752             

035D D0E0            753                     POP    ACC

                     754             

035F 22              755                     RET

                     756                     

                     757     

                     758     

                     759     

                     760     

                     761     

                     762     

                     763     

                     764     

0360                 765     CLR2L:    

0360 C0E0            766             PUSH   ACC

                     767             

0362 7801            768                     MOV    R0,#01               

0364 7900            769             MOV    R1,#00

                     770             

0366 7135            771                     CALL   GOTOXY

                     772             

0368 7910            773                     MOV    R1,#16               

                     774     

036A 7420            775     CLR2L1: MOV    A,#' '               

                     776             

036C 7179            777                     CALL   ESCDADO

                     778             

036E D9FA            779                     DJNZ   R1,CLR2L1

0370 7801            780             MOV    R0,#01               

0372 7900            781             MOV    R1,#00

                     782             

0374 7135            783                     CALL   GOTOXY

                     784             

0376 D0E0            785                     POP    ACC

                     786             

0378 22              787                     RET

                     788                

                     789     

                     790     

                     791     

                     792     

                     793     

                     794     

                     795     

0379                 796     ESCDADO:  

0379 C2A6            797                     CLR             RW                               

037B D2A5            798             SETB    RS               

037D D2A7            799             SETB    E_LCD            

                     800                     

037F F580            801             MOV     P0,A             

                     802             

0381 C2A7            803                     CLR     E_LCD            

                     804                     

0383 7580FF          805                     MOV             P0,#0xFF                 

                     806                     

A51 MACRO ASSEMBLER  PROJETO_01_FECHADURA                                                 04/07/2017 15:04:37 PAGE    14

0386 D2A6            807                     SETB    RW                               

0388 C2A5            808                     CLR             RS                               

038A D2A7            809                     SETB    E_LCD            

                     810     

038C 2087FD          811     ESCD1:  JB              BUSYF,ESCD1              

                     812     

038F C2A7            813                     CLR     E_LCD            

                     814     

0391 22              815             RET

                     816                     

                     817     

                     818     

                     819     

                     820     

                     821     

                     822     

                     823     

                     824     

                     825     

0392                 826     MSTRING:  

0392 E4              827                       CLR    A

0393 93              828               MOVC   A,@A+DPTR       

                     829               

0394 6006            830                       JZ     MSTR1

                     831               

0396 120379          832                       LCALL  ESCDADO         

                     833               

0399 A3              834                       INC    DPTR

                     835               

039A 80F6            836                       SJMP   MSTRING

                     837                       

039C 22              838     MSTR1:    RET

                     839                

                     840     

                     841     

                     842     

                     843     

                     844     

                     845     

                     846     

                     847     

                     848     

039D                 849     MSTRINGX: 

039D E0              850                       MOVX   A,@DPTR         

                     851               

039E 6006            852                       JZ     MSTR21

                     853               

03A0 120379          854                       LCALL  ESCDADO         

                     855               

03A3 A3              856                       INC    DPTR

                     857               

03A4 80F7            858                       SJMP   MSTRINGX

                     859     

03A6 22              860     MSTR21:   RET

                     861     

                     862     

                     863     

                     864     

                     865     

                     866     

                     867     

                     868     

                     869     

                     870     

03A7                 871     ESC_STR1: 

                     872                       

A51 MACRO ASSEMBLER  PROJETO_01_FECHADURA                                                 04/07/2017 15:04:37 PAGE    15

03A7 7800            873                       MOV    R0,#00         

03A9 7900            874               MOV    R1,#00

                     875               

03AB 8004            876                       JMP    ESC_S

                     877               

                     878     

                     879     

                     880     

                     881     

                     882     

                     883     

                     884     

                     885     

                     886     

03AD                 887     ESC_STR2: 

                     888                       

03AD 7801            889                       MOV    R0,#01         

03AF 7900            890               MOV    R1,#00

                     891                       

03B1 120335          892     ESC_S:    LCALL  GOTOXY          

                     893               

03B4 120392          894                       LCALL  MSTRING

                     895               

03B7 22              896                       RET

                     897     

                     898     

                     899     

                     900     

                     901     

                     902     

                     903     

                     904     ; DESTROI: R0,R2                                                                        //

                     905     

03B8                 906     CUR_ON:   

03B8 780F            907                       MOV    R0,#0FH               

03BA 8002            908               SJMP   CUR1

                     909                       

03BC                 910     CUR_OFF:  

03BC 780C            911                       MOV    R0,#0CH               

                     912                       

03BE 7A01            913     CUR1:     MOV    R2,#01

                     914               

03C0 711E            915                       CALL   ESCINST               

                     916               

03C2 22              917                       RET

                     918                       

                     919     

                     920     

                     921     

                     922                       

03C3                 923     TIMER_CONFIGURA_TIMER:

03C3 758921          924                     MOV     TMOD, #00100001b  

                     925                     

                     926                     

03C6 758C56          927                     MOV     TH0, #HIGH(65535 - 43350)

03C9 758AA9          928                     MOV     TL0, #LOW(65535 - 43350)

                     929                     

                     930                     

                     931                     

                     932                     

                     933                     

                     934                     

03CC 758DFF          935                     MOV     TH1, #0FFh

03CF 758B05          936                     MOV             TL1, #05h

                     937                     

03D2 22              938                     RET

A51 MACRO ASSEMBLER  PROJETO_01_FECHADURA                                                 04/07/2017 15:04:37 PAGE    16

                     939     

03D3                 940     CONFIGURA_VALORES_TIMER_1:

03D3 7551FF          941                     MOV             TIMEOUT_LOW,    #0FFh

03D6 75521E          942                     MOV             TIMEOUT_HIGH,   #01Eh

03D9 755314          943                     MOV             TIMEOUT_X1S,    #014h   

                     944                     

03DC 22              945                     RET

                     946             

                     947     

                     948     

                     949     

                     950     

                     951     

                     952     

                     953     

03DD                 954     TIMER_DELAY_20_MS:

03DD C28D            955                     CLR TF0

03DF D28C            956                     SETB TR0

                     957             

03E1 308DFD          958                     JNB TF0, $

                     959                     

03E4 C28D            960                     CLR TF0

03E6 C28C            961                     CLR TR0

                     962             

03E8 D8F3            963                     DJNZ R0, TIMER_DELAY_20_MS

                     964             

03EA 22              965                     RET

                     966             

                     967     

                     968     

                     969     

                     970     

                     971     

                     972     

                     973     

03EB                 974     TIMER_DELAY_1_S:

03EB 7832            975                     MOV             R0, #50d

03ED 71DD            976                     CALL    TIMER_DELAY_20_MS

                     977                     

03EF D9FA            978                     DJNZ    R1, TIMER_DELAY_1_S

                     979             

03F1 22              980                     RET

                     981     

                     982     

                     983     

                     984     

                     985     

03F2                 986     INT_CONFIGURA_INTERRUPCOES:

03F2 75A888          987                     MOV             IE, #10001000b  

03F5 75B808          988                     MOV             IP,     #00001000b  

                     989                     

03F8 22              990                     RET

                     991     

                     992     

                     993     

                     994     

03F9                 995     INT_INT0:

03F9 32              996                     RETI

                     997     

                     998     

                     999     

                    1000     

03FA                1001     INT_TIMER0:

03FA 32             1002                     RETI

                    1003             

                    1004     

A51 MACRO ASSEMBLER  PROJETO_01_FECHADURA                                                 04/07/2017 15:04:37 PAGE    17

                    1005     

                    1006     

03FB                1007     INT_INT1:

03FB 32             1008                     RETI

                    1009     

                    1010     

                    1011     

                    1012     

03FC                1013     INT_TIMER1:

03FC C0E0           1014                     PUSH    ACC

03FE C0D0           1015                     PUSH    PSW

                    1016                     

0400 758B05         1017                     MOV             TL1, #05h

0403 C28F           1018                     CLR             TF1

                    1019                     

0405 D55111         1020                     DJNZ    TIMEOUT_LOW, FINALIZA_TIMER_2

0408 7551FF         1021                     MOV             TIMEOUT_LOW, #0FFh

                    1022                     

040B D5520B         1023                     DJNZ    TIMEOUT_HIGH, FINALIZA_TIMER_2

040E 75521E         1024                     MOV             TIMEOUT_HIGH, #01Eh

                    1025                     

0411 D55305         1026                     DJNZ    TIMEOUT_X1S, FINALIZA_TIMER_2

0414 755314         1027                     MOV             TIMEOUT_X1S, #014h      

                    1028                     

0417 C28E           1029                     CLR             TR1

                    1030     

0419                1031     FINALIZA_TIMER_2:

0419 D0D0           1032                     POP             PSW

041B D0E0           1033                     POP             ACC

                    1034                     

041D 32             1035                     RETI

                    1036             

                    1037     

                    1038     

                    1039     

041E                1040     INT_SERIAL:

041E 32             1041                     RETI

                    1042             

041F                1043     FIM:

041F 80FE           1044                     JMP $

                    1045                     END

A51 MACRO ASSEMBLER  PROJETO_01_FECHADURA                                                 04/07/2017 15:04:37 PAGE    18

SYMBOL TABLE LISTING
------ ----- -------


N A M E                            T Y P E  V A L U E   ATTRIBUTES

ABRE_FECHADURA. . . . . . . . . .  C ADDR   02A3H   A   
ACC . . . . . . . . . . . . . . .  D ADDR   00E0H   A   
ACIONA_BUZZER . . . . . . . . . .  C ADDR   029CH   A   
BUSYF . . . . . . . . . . . . . .  B ADDR   0080H.7 A   
BUZZER. . . . . . . . . . . . . .  B ADDR   00B0H.0 A   
CLEAR . . . . . . . . . . . . . .  C ADDR   0199H   A   
CLR1L . . . . . . . . . . . . . .  C ADDR   0347H   A   
CLR1L1. . . . . . . . . . . . . .  C ADDR   0351H   A   
CLR2L . . . . . . . . . . . . . .  C ADDR   0360H   A   
CLR2L1. . . . . . . . . . . . . .  C ADDR   036AH   A   
COL1. . . . . . . . . . . . . . .  B ADDR   0090H.0 A   
COL2. . . . . . . . . . . . . . .  B ADDR   0090H.1 A   
COL3. . . . . . . . . . . . . . .  B ADDR   0090H.2 A   
COL4. . . . . . . . . . . . . . .  B ADDR   0090H.3 A   
CONFIGURA_VALORES_TIMER_1 . . . .  C ADDR   03D3H   A   
CONTINUA_PROG . . . . . . . . . .  C ADDR   018AH   A   
CONV_ASCII_TO_NUMBER. . . . . . .  C ADDR   0173H   A   
CUR1. . . . . . . . . . . . . . .  C ADDR   03BEH   A   
CUR_OFF . . . . . . . . . . . . .  C ADDR   03BCH   A   
CUR_ON. . . . . . . . . . . . . .  C ADDR   03B8H   A   
DIGITO0 . . . . . . . . . . . . .  C ADDR   0208H   A   
DIGITO1 . . . . . . . . . . . . .  C ADDR   01E4H   A   
DIGITO2 . . . . . . . . . . . . .  C ADDR   01E8H   A   
DIGITO3 . . . . . . . . . . . . .  C ADDR   01ECH   A   
DIGITO4 . . . . . . . . . . . . .  C ADDR   01F0H   A   
DIGITO5 . . . . . . . . . . . . .  C ADDR   01F4H   A   
DIGITO6 . . . . . . . . . . . . .  C ADDR   01F8H   A   
DIGITO7 . . . . . . . . . . . . .  C ADDR   01FCH   A   
DIGITO8 . . . . . . . . . . . . .  C ADDR   0200H   A   
DIGITO9 . . . . . . . . . . . . .  C ADDR   0204H   A   
ESCD1 . . . . . . . . . . . . . .  C ADDR   038CH   A   
ESCDADO . . . . . . . . . . . . .  C ADDR   0379H   A   
ESCI1 . . . . . . . . . . . . . .  C ADDR   032FH   A   
ESCINST . . . . . . . . . . . . .  C ADDR   031EH   A   
ESCREVE_ASTERISCO . . . . . . . .  C ADDR   0178H   A   
ESCREVE_TIMEOUT . . . . . . . . .  C ADDR   02F1H   A   
ESC_S . . . . . . . . . . . . . .  C ADDR   03B1H   A   
ESC_STR1. . . . . . . . . . . . .  C ADDR   03A7H   A   
ESC_STR2. . . . . . . . . . . . .  C ADDR   03ADH   A   
ESTADO_DOIS . . . . . . . . . . .  B ADDR   00B0H.2 A   
ESTADO_QUATRO . . . . . . . . . .  B ADDR   00B0H.4 A   
ESTADO_TRES . . . . . . . . . . .  B ADDR   00B0H.3 A   
ESTADO_UM . . . . . . . . . . . .  B ADDR   00B0H.1 A   
E_LCD . . . . . . . . . . . . . .  B ADDR   00A0H.7 A   
FIM . . . . . . . . . . . . . . .  C ADDR   041FH   A   
FINALIZA_TIMER_2. . . . . . . . .  C ADDR   0419H   A   
FINALIZA_VARREDURA_POR_TIMEOUT. .  C ADDR   01DEH   A   
GOTOXY. . . . . . . . . . . . . .  C ADDR   0335H   A   
GRAVA_DIGITO. . . . . . . . . . .  C ADDR   020CH   A   
GRAVA_TECLADO_2 . . . . . . . . .  C ADDR   0244H   A   
GRAVA_TECLADO_3 . . . . . . . . .  C ADDR   0249H   A   
GRAVA_TECLADO_4 . . . . . . . . .  C ADDR   024CH   A   
GRAVA_TECLADO_X . . . . . . . . .  C ADDR   024EH   A   
GT1 . . . . . . . . . . . . . . .  C ADDR   033EH   A   
IE. . . . . . . . . . . . . . . .  D ADDR   00A8H   A   
INIDISP . . . . . . . . . . . . .  C ADDR   02FFH   A   
INT_CONFIGURA_INTERRUPCOES. . . .  C ADDR   03F2H   A   
INT_INT0. . . . . . . . . . . . .  C ADDR   03F9H   A   
INT_INT1. . . . . . . . . . . . .  C ADDR   03FBH   A   
INT_SERIAL. . . . . . . . . . . .  C ADDR   041EH   A   
A51 MACRO ASSEMBLER  PROJETO_01_FECHADURA                                                 04/07/2017 15:04:37 PAGE    19

INT_TIMER0. . . . . . . . . . . .  C ADDR   03FAH   A   
INT_TIMER1. . . . . . . . . . . .  C ADDR   03FCH   A   
IP. . . . . . . . . . . . . . . .  D ADDR   00B8H   A   
LED1. . . . . . . . . . . . . . .  B ADDR   00B0H.7 A   
LED_SEG . . . . . . . . . . . . .  B ADDR   00B0H.6 A   
LE_4_DIGITOS. . . . . . . . . . .  C ADDR   0152H   A   
LE_SENHA. . . . . . . . . . . . .  C ADDR   0166H   A   
LE_SENHA_ROM. . . . . . . . . . .  C ADDR   016CH   A   
LIMPA_LCD_E_INICIA_SISTEMA. . . .  C ADDR   0129H   A   
LIMPA_LCD_E_MOSTRA_SENHA_INVALIDA  C ADDR   0250H   A   
LIMPA_LCD_E_MOSTRA_SENHA_VALIDA .  C ADDR   026FH   A   
LIMPA_LCD_E_PEDE_SENHA. . . . . .  C ADDR   013DH   A   
LIMPA_LCD_E_REINICIA_SISTEMA. . .  C ADDR   0139H   A   
LIN1. . . . . . . . . . . . . . .  B ADDR   0090H.4 A   
LIN2. . . . . . . . . . . . . . .  B ADDR   0090H.5 A   
LIN3. . . . . . . . . . . . . . .  B ADDR   0090H.6 A   
LIN4. . . . . . . . . . . . . . .  B ADDR   0090H.7 A   
MAIN. . . . . . . . . . . . . . .  C ADDR   010EH   A   
MSTR1 . . . . . . . . . . . . . .  C ADDR   039CH   A   
MSTR21. . . . . . . . . . . . . .  C ADDR   03A6H   A   
MSTRING . . . . . . . . . . . . .  C ADDR   0392H   A   
MSTRINGX. . . . . . . . . . . . .  C ADDR   039DH   A   
P0. . . . . . . . . . . . . . . .  D ADDR   0080H   A   
P1. . . . . . . . . . . . . . . .  D ADDR   0090H   A   
P2. . . . . . . . . . . . . . . .  D ADDR   00A0H   A   
P3. . . . . . . . . . . . . . . .  D ADDR   00B0H   A   
PRESS_ENT . . . . . . . . . . . .  C ADDR   0182H   A   
PRESS_ENT_OU_CLR. . . . . . . . .  C ADDR   018BH   A   
PSW . . . . . . . . . . . . . . .  D ADDR   00D0H   A   
REINICIA_SISTEMA. . . . . . . . .  C ADDR   026EH   A   
RS. . . . . . . . . . . . . . . .  B ADDR   00A0H.5 A   
RW. . . . . . . . . . . . . . . .  B ADDR   00A0H.6 A   
SENHA1_1. . . . . . . . . . . . .  N NUMB   0035H   A   
SENHA1_2. . . . . . . . . . . . .  N NUMB   0036H   A   
SENHA1_3. . . . . . . . . . . . .  N NUMB   0037H   A   
SENHA1_4. . . . . . . . . . . . .  N NUMB   0038H   A   
SENHA2_1. . . . . . . . . . . . .  N NUMB   0045H   A   
SENHA2_2. . . . . . . . . . . . .  N NUMB   0046H   A   
SENHA2_3. . . . . . . . . . . . .  N NUMB   0047H   A   
SENHA2_4. . . . . . . . . . . . .  N NUMB   0048H   A   
SENHA_PADRAO_1. . . . . . . . . .  C ADDR   0030H   A   
SENHA_PADRAO_2. . . . . . . . . .  C ADDR   0035H   A   
STR_LEONARDO_PEREIRA. . . . . . .  C ADDR   004BH   A   
STR_LIBERANDO_PORTA . . . . . . .  C ADDR   00A8H   A   
STR_LOGO. . . . . . . . . . . . .  C ADDR   003AH   A   
STR_PRESSIONE_ENTER . . . . . . .  C ADDR   0075H   A   
STR_RODRIGO_ENDO. . . . . . . . .  C ADDR   005CH   A   
STR_SENHA . . . . . . . . . . . .  C ADDR   006DH   A   
STR_SENHA_INVALIDA. . . . . . . .  C ADDR   0097H   A   
STR_SENHA_VALIDA. . . . . . . . .  C ADDR   0086H   A   
STR_SISTEMA_BLOQUEADO . . . . . .  C ADDR   00CAH   A   
STR_TIMEOUT . . . . . . . . . . .  C ADDR   00DBH   A   
STR_TRANCANDO_PORTA . . . . . . .  C ADDR   00B9H   A   
TECLADO . . . . . . . . . . . . .  D ADDR   0090H   A   
TECLADO_1 . . . . . . . . . . . .  N NUMB   0031H   A   
TECLADO_2 . . . . . . . . . . . .  N NUMB   0032H   A   
TECLADO_3 . . . . . . . . . . . .  N NUMB   0033H   A   
TECLADO_4 . . . . . . . . . . . .  N NUMB   0034H   A   
TENTATIVAS. . . . . . . . . . . .  N NUMB   0050H   A   
TESTA_SENHA1. . . . . . . . . . .  C ADDR   0211H   A   
TESTA_SENHA2. . . . . . . . . . .  C ADDR   022EH   A   
TF0 . . . . . . . . . . . . . . .  B ADDR   0088H.5 A   
TF1 . . . . . . . . . . . . . . .  B ADDR   0088H.7 A   
TH0 . . . . . . . . . . . . . . .  D ADDR   008CH   A   
TH1 . . . . . . . . . . . . . . .  D ADDR   008DH   A   
TIMEOUT_HIGH. . . . . . . . . . .  N NUMB   0052H   A   
A51 MACRO ASSEMBLER  PROJETO_01_FECHADURA                                                 04/07/2017 15:04:37 PAGE    20

TIMEOUT_LOW . . . . . . . . . . .  N NUMB   0051H   A   
TIMEOUT_X1S . . . . . . . . . . .  N NUMB   0053H   A   
TIMER_CONFIGURA_TIMER . . . . . .  C ADDR   03C3H   A   
TIMER_DELAY_1_S . . . . . . . . .  C ADDR   03EBH   A   
TIMER_DELAY_20_MS . . . . . . . .  C ADDR   03DDH   A   
TL0 . . . . . . . . . . . . . . .  D ADDR   008AH   A   
TL1 . . . . . . . . . . . . . . .  D ADDR   008BH   A   
TMOD. . . . . . . . . . . . . . .  D ADDR   0089H   A   
TR0 . . . . . . . . . . . . . . .  B ADDR   0088H.4 A   
TR1 . . . . . . . . . . . . . . .  B ADDR   0088H.6 A   
TRANCA_FECHADURA. . . . . . . . .  C ADDR   02CAH   A   
VARREDURA_TECLADO . . . . . . . .  C ADDR   01A4H   A   
VARRE_ENT . . . . . . . . . . . .  C ADDR   0185H   A   
VARRE_ENT_OU_CLR. . . . . . . . .  C ADDR   018EH   A   
__STARTUP__ . . . . . . . . . . .  C ADDR   00ECH   A   


REGISTER BANK(S) USED: 0 


ASSEMBLY COMPLETE.  0 WARNING(S), 0 ERROR(S)
